Arguments: 
  /usr/local/Cellar/node/15.4.0/bin/node /usr/local/Cellar/yarn/1.22.10/libexec/bin/yarn.js add --dev @types/ pouchdb-find

PATH: 
  /usr/local/opt/openjdk@11/bin:/usr/local/bin:/usr/bin:/bin:/usr/sbin:/sbin:/Library/TeX/texbin

Yarn version: 
  1.22.10

Node version: 
  15.4.0

Platform: 
  darwin x64

Trace: 
  Error: https://registry.yarnpkg.com/@types%2f: Request "https://registry.yarnpkg.com/@types%2f" returned a 405
      at Request.params.callback [as _callback] (/usr/local/Cellar/yarn/1.22.10/libexec/lib/cli.js:66997:18)
      at Request.self.callback (/usr/local/Cellar/yarn/1.22.10/libexec/lib/cli.js:140749:22)
      at Request.emit (node:events:376:20)
      at Request.<anonymous> (/usr/local/Cellar/yarn/1.22.10/libexec/lib/cli.js:141721:10)
      at Request.emit (node:events:376:20)
      at IncomingMessage.<anonymous> (/usr/local/Cellar/yarn/1.22.10/libexec/lib/cli.js:141643:12)
      at Object.onceWrapper (node:events:482:28)
      at IncomingMessage.emit (node:events:388:22)
      at endReadableNT (node:internal/streams/readable:1295:12)
      at processTicksAndRejections (node:internal/process/task_queues:80:21)

npm manifest: 
  {
    "dependencies": {
      "pouchdb-find": "^7.2.2"
    }
  }

yarn manifest: 
  No manifest

Lockfile: 
  # THIS IS AN AUTOGENERATED FILE. DO NOT EDIT THIS FILE DIRECTLY.
  # yarn lockfile v1
  
  
  abort-controller@3.0.0:
    version "3.0.0"
    resolved "https://registry.yarnpkg.com/abort-controller/-/abort-controller-3.0.0.tgz#eaf54d53b62bae4138e809ca225c8439a6efb392"
    integrity sha512-h8lQ8tacZYnR3vNQTgibj+tODHI5/+l06Au2Pcriv/Gmet0eaj4TwWH41sO9wnHDiQsEj19q0drzdWdeAHtweg==
    dependencies:
      event-target-shim "^5.0.0"
  
  argsarray@0.0.1:
    version "0.0.1"
    resolved "https://registry.yarnpkg.com/argsarray/-/argsarray-0.0.1.tgz#6e7207b4ecdb39b0af88303fa5ae22bda8df61cb"
    integrity sha1-bnIHtOzbObCviDA/pa4ivajfYcs=
  
  buffer-from@1.1.1:
    version "1.1.1"
    resolved "https://registry.yarnpkg.com/buffer-from/-/buffer-from-1.1.1.tgz#32713bc028f75c02fdb710d7c7bcec1f2c6070ef"
    integrity sha512-MQcXEUbCKtEo7bhqEs6560Hyd4XaovZlO/k9V3hjVUF/zwW7KBVdSK4gIt/bzwS9MbR5qob+F5jusZsb0YQK2A==
  
  clone-buffer@1.0.0:
    version "1.0.0"
    resolved "https://registry.yarnpkg.com/clone-buffer/-/clone-buffer-1.0.0.tgz#e3e25b207ac4e701af721e2cb5a16792cac3dc58"
    integrity sha1-4+JbIHrE5wGvch4staFnksrD3Fg=
  
  event-target-shim@^5.0.0:
    version "5.0.1"
    resolved "https://registry.yarnpkg.com/event-target-shim/-/event-target-shim-5.0.1.tgz#5d4d3ebdf9583d63a5333ce2deb7480ab2b05789"
    integrity sha512-i/2XbnSz/uxRCU6+NdVJgKWDTM427+MqYbkQzD321DuCQJUqOuJKIA0IM2+W2xtYHdKOmZ4dR6fExsd4SXL+WQ==
  
  fetch-cookie@0.10.1:
    version "0.10.1"
    resolved "https://registry.yarnpkg.com/fetch-cookie/-/fetch-cookie-0.10.1.tgz#5ea88f3d36950543c87997c27ae2aeafb4b5c4d4"
    integrity sha512-beB+VEd4cNeVG1PY+ee74+PkuCQnik78pgLi5Ah/7qdUfov8IctU0vLUbBT8/10Ma5GMBeI4wtxhGrEfKNYs2g==
    dependencies:
      tough-cookie "^2.3.3 || ^3.0.1 || ^4.0.0"
  
  immediate@3.3.0:
    version "3.3.0"
    resolved "https://registry.yarnpkg.com/immediate/-/immediate-3.3.0.tgz#1aef225517836bcdf7f2a2de2600c79ff0269266"
    integrity sha512-HR7EVodfFUdQCTIeySw+WDRFJlPcLOJbXfwwZ7Oom6tjsvZ3bOkCDJHehQC3nxJrv7+f9XecwazynjU8e4Vw3Q==
  
  inherits@2.0.4:
    version "2.0.4"
    resolved "https://registry.yarnpkg.com/inherits/-/inherits-2.0.4.tgz#0fa2c64f932917c3433a0ded55363aae37416b7c"
    integrity sha512-k/vGaX4/Yla3WzyMCvTQOXYeIHvqOKtnqBduzTHpzpQZzAskKMhZ2K+EnBiSM9zGSoIFeMpXKxa4dYeZIQqewQ==
  
  node-fetch@2.6.0:
    version "2.6.0"
    resolved "https://registry.yarnpkg.com/node-fetch/-/node-fetch-2.6.0.tgz#e633456386d4aa55863f676a7ab0daa8fdecb0fd"
    integrity sha512-8dG4H5ujfvFiqDmVu9fQ5bOHUC15JMjMY/Zumv26oOvvVJjM67KF8koCWIabKQ1GJIa9r2mMZscBq/TbdOcmNA==
  
  pouchdb-abstract-mapreduce@7.2.2:
    version "7.2.2"
    resolved "https://registry.yarnpkg.com/pouchdb-abstract-mapreduce/-/pouchdb-abstract-mapreduce-7.2.2.tgz#dd1b10a83f8d24361dce9aaaab054614b39f766f"
    integrity sha512-7HWN/2yV2JkwMnGnlp84lGvFtnm0Q55NiBUdbBcaT810+clCGKvhssBCrXnmwShD1SXTwT83aszsgiSfW+SnBA==
    dependencies:
      pouchdb-binary-utils "7.2.2"
      pouchdb-collate "7.2.2"
      pouchdb-collections "7.2.2"
      pouchdb-errors "7.2.2"
      pouchdb-fetch "7.2.2"
      pouchdb-mapreduce-utils "7.2.2"
      pouchdb-md5 "7.2.2"
      pouchdb-utils "7.2.2"
  
  pouchdb-binary-utils@7.2.2:
    version "7.2.2"
    resolved "https://registry.yarnpkg.com/pouchdb-binary-utils/-/pouchdb-binary-utils-7.2.2.tgz#0690b348052c543b1e67f032f47092ca82bcb10e"
    integrity sha512-shacxlmyHbUrNfE6FGYpfyAJx7Q0m91lDdEAaPoKZM3SzAmbtB1i+OaDNtYFztXjJl16yeudkDb3xOeokVL3Qw==
    dependencies:
      buffer-from "1.1.1"
  
  pouchdb-collate@7.2.2:
    version "7.2.2"
    resolved "https://registry.yarnpkg.com/pouchdb-collate/-/pouchdb-collate-7.2.2.tgz#fc261f5ef837c437e3445fb0abc3f125d982c37c"
    integrity sha512-/SMY9GGasslknivWlCVwXMRMnQ8myKHs4WryQ5535nq1Wj/ehpqWloMwxEQGvZE1Sda3LOm7/5HwLTcB8Our+w==
  
  pouchdb-collections@7.2.2:
    version "7.2.2"
    resolved "https://registry.yarnpkg.com/pouchdb-collections/-/pouchdb-collections-7.2.2.tgz#aeed77f33322429e3f59d59ea233b48ff0e68572"
    integrity sha512-6O9zyAYlp3UdtfneiMYuOCWdUCQNo2bgdjvNsMSacQX+3g8WvIoFQCYJjZZCpTttQGb+MHeRMr8m2U95lhJTew==
  
  pouchdb-errors@7.2.2:
    version "7.2.2"
    resolved "https://registry.yarnpkg.com/pouchdb-errors/-/pouchdb-errors-7.2.2.tgz#80d811d65c766c9d20b755c6e6cc123f8c3c4792"
    integrity sha512-6GQsiWc+7uPfgEHeavG+7wuzH3JZW29Dnrvz8eVbDFE50kVFxNDVm3EkYHskvo5isG7/IkOx7PV7RPTA3keG3g==
    dependencies:
      inherits "2.0.4"
  
  pouchdb-fetch@7.2.2:
    version "7.2.2"
    resolved "https://registry.yarnpkg.com/pouchdb-fetch/-/pouchdb-fetch-7.2.2.tgz#492791236d60c899d7e9973f9aca0d7b9cc02230"
    integrity sha512-lUHmaG6U3zjdMkh8Vob9GvEiRGwJfXKE02aZfjiVQgew+9SLkuOxNw3y2q4d1B6mBd273y1k2Lm0IAziRNxQnA==
    dependencies:
      abort-controller "3.0.0"
      fetch-cookie "0.10.1"
      node-fetch "2.6.0"
  
  pouchdb-find@^7.2.2:
    version "7.2.2"
    resolved "https://registry.yarnpkg.com/pouchdb-find/-/pouchdb-find-7.2.2.tgz#1227afdd761812d508fe0794b3e904518a721089"
    integrity sha512-BmFeFVQ0kHmDehvJxNZl9OmIztCjPlZlVSdpijuFbk/Fi1EFPU1BAv3kLC+6DhZuOqU/BCoaUBY9sn66pPY2ag==
    dependencies:
      pouchdb-abstract-mapreduce "7.2.2"
      pouchdb-collate "7.2.2"
      pouchdb-errors "7.2.2"
      pouchdb-fetch "7.2.2"
      pouchdb-md5 "7.2.2"
      pouchdb-selector-core "7.2.2"
      pouchdb-utils "7.2.2"
  
  pouchdb-mapreduce-utils@7.2.2:
    version "7.2.2"
    resolved "https://registry.yarnpkg.com/pouchdb-mapreduce-utils/-/pouchdb-mapreduce-utils-7.2.2.tgz#13a46a3cc2a3f3b8e24861da26966904f2963146"
    integrity sha512-rAllb73hIkU8rU2LJNbzlcj91KuulpwQu804/F6xF3fhZKC/4JQMClahk+N/+VATkpmLxp1zWmvmgdlwVU4HtQ==
    dependencies:
      argsarray "0.0.1"
      inherits "2.0.4"
      pouchdb-collections "7.2.2"
      pouchdb-utils "7.2.2"
  
  pouchdb-md5@7.2.2:
    version "7.2.2"
    resolved "https://registry.yarnpkg.com/pouchdb-md5/-/pouchdb-md5-7.2.2.tgz#415401acc5a844112d765bd1fb4e5d9f38fb0838"
    integrity sha512-c/RvLp2oSh8PLAWU5vFBnp6ejJABIdKqboZwRRUrWcfGDf+oyX8RgmJFlYlzMMOh4XQLUT1IoaDV8cwlsuryZw==
    dependencies:
      pouchdb-binary-utils "7.2.2"
      spark-md5 "3.0.1"
  
  pouchdb-selector-core@7.2.2:
    version "7.2.2"
    resolved "https://registry.yarnpkg.com/pouchdb-selector-core/-/pouchdb-selector-core-7.2.2.tgz#264d7436a8c8ac3801f39960e79875ef7f3879a0"
    integrity sha512-XYKCNv9oiNmSXV5+CgR9pkEkTFqxQGWplnVhO3W9P154H08lU0ZoNH02+uf+NjZ2kjse7Q1fxV4r401LEcGMMg==
    dependencies:
      pouchdb-collate "7.2.2"
      pouchdb-utils "7.2.2"
  
  pouchdb-utils@7.2.2:
    version "7.2.2"
    resolved "https://registry.yarnpkg.com/pouchdb-utils/-/pouchdb-utils-7.2.2.tgz#c17c4788f1d052b0daf4ef8797bbc4aaa3945aa4"
    integrity sha512-XmeM5ioB4KCfyB2MGZXu1Bb2xkElNwF1qG+zVFbQsKQij0zvepdOUfGuWvLRHxTOmt4muIuSOmWZObZa3NOgzQ==
    dependencies:
      argsarray "0.0.1"
      clone-buffer "1.0.0"
      immediate "3.3.0"
      inherits "2.0.4"
      pouchdb-collections "7.2.2"
      pouchdb-errors "7.2.2"
      pouchdb-md5 "7.2.2"
      uuid "8.1.0"
  
  psl@^1.1.33:
    version "1.8.0"
    resolved "https://registry.yarnpkg.com/psl/-/psl-1.8.0.tgz#9326f8bcfb013adcc005fdff056acce020e51c24"
    integrity sha512-RIdOzyoavK+hA18OGGWDqUTsCLhtA7IcZ/6NCs4fFJaHBDab+pDDmDIByWFRQJq2Cd7r1OoQxBGKOaztq+hjIQ==
  
  punycode@^2.1.1:
    version "2.1.1"
    resolved "https://registry.yarnpkg.com/punycode/-/punycode-2.1.1.tgz#b58b010ac40c22c5657616c8d2c2c02c7bf479ec"
    integrity sha512-XRsRjdf+j5ml+y/6GKHPZbrF/8p2Yga0JPtdqTIY2Xe5ohJPD9saDJJLPvp9+NSBprVvevdXZybnj2cv8OEd0A==
  
  spark-md5@3.0.1:
    version "3.0.1"
    resolved "https://registry.yarnpkg.com/spark-md5/-/spark-md5-3.0.1.tgz#83a0e255734f2ab4e5c466e5a2cfc9ba2aa2124d"
    integrity sha512-0tF3AGSD1ppQeuffsLDIOWlKUd3lS92tFxcsrh5Pe3ZphhnoK+oXIBTzOAThZCiuINZLvpiLH/1VS1/ANEJVig==
  
  "tough-cookie@^2.3.3 || ^3.0.1 || ^4.0.0":
    version "4.0.0"
    resolved "https://registry.yarnpkg.com/tough-cookie/-/tough-cookie-4.0.0.tgz#d822234eeca882f991f0f908824ad2622ddbece4"
    integrity sha512-tHdtEpQCMrc1YLrMaqXXcj6AxhYi/xgit6mZu1+EDWUn+qhUf8wMQoFIy9NXuq23zAwtcB0t/MjACGR18pcRbg==
    dependencies:
      psl "^1.1.33"
      punycode "^2.1.1"
      universalify "^0.1.2"
  
  universalify@^0.1.2:
    version "0.1.2"
    resolved "https://registry.yarnpkg.com/universalify/-/universalify-0.1.2.tgz#b646f69be3942dabcecc9d6639c80dc105efaa66"
    integrity sha512-rBJeI5CXAlmy1pV+617WB9J63U6XcazHHF2f2dbJix4XzpUF0RS3Zbj0FGIOCAva5P/d/GBOYaACQ1w+0azUkg==
  
  uuid@8.1.0:
    version "8.1.0"
    resolved "https://registry.yarnpkg.com/uuid/-/uuid-8.1.0.tgz#6f1536eb43249f473abc6bd58ff983da1ca30d8d"
    integrity sha512-CI18flHDznR0lq54xBycOVmphdCYnQLKn8abKn7PXUiKUGdEd+/l9LWNJmugXel4hXq7S+RMNl34ecyC9TntWg==
