Arguments: 
  /usr/local/Cellar/node/15.4.0/bin/node /usr/local/Cellar/yarn/1.22.10/libexec/bin/yarn.js add @types/pouchdb-load

PATH: 
  /usr/local/opt/openjdk@11/bin:/usr/local/bin:/usr/bin:/bin:/usr/sbin:/sbin:/Library/TeX/texbin

Yarn version: 
  1.22.10

Node version: 
  15.4.0

Platform: 
  darwin x64

Trace: 
  Error: https://registry.yarnpkg.com/@types%2fpouchdb-load: Not found
      at Request.params.callback [as _callback] (/usr/local/Cellar/yarn/1.22.10/libexec/lib/cli.js:66988:18)
      at Request.self.callback (/usr/local/Cellar/yarn/1.22.10/libexec/lib/cli.js:140749:22)
      at Request.emit (node:events:376:20)
      at Request.<anonymous> (/usr/local/Cellar/yarn/1.22.10/libexec/lib/cli.js:141721:10)
      at Request.emit (node:events:376:20)
      at IncomingMessage.<anonymous> (/usr/local/Cellar/yarn/1.22.10/libexec/lib/cli.js:141643:12)
      at Object.onceWrapper (node:events:482:28)
      at IncomingMessage.emit (node:events:388:22)
      at endReadableNT (node:internal/streams/readable:1295:12)
      at processTicksAndRejections (node:internal/process/task_queues:80:21)

npm manifest: 
  {
    "name": "website",
    "version": "1.0.0",
    "main": "index.js",
    "license": "MIT",
    "scripts": {
      "build": "yarn tsc && yarn run browserify build/indexer/simpleIndexer.js -o src/website/js/main.js"
    },
    "devDependencies": {
      "@types/dotenv": "^8.2.0",
      "@types/node": "^14.14.3",
      "typescript": "^4.0.3"
    },
    "dependencies": {
      "@types/pouchdb": "^6.4.0",
      "browserify": "^17.0.0",
      "pouchdb": "^7.2.2",
      "pouchdb-load": "^1.4.6"
    }
  }

yarn manifest: 
  No manifest

Lockfile: 
  # THIS IS AN AUTOGENERATED FILE. DO NOT EDIT THIS FILE DIRECTLY.
  # yarn lockfile v1
  
  
  "@types/debug@*":
    version "4.1.5"
    resolved "https://registry.yarnpkg.com/@types/debug/-/debug-4.1.5.tgz"
    integrity sha512-Q1y515GcOdTHgagaVFhHnIFQ38ygs/kmxdNpvpou+raI9UO3YZcHDngBSYKQklcKlvA7iuQlmIKbzvmxcOE9CQ==
  
  "@types/dotenv@^8.2.0":
    version "8.2.0"
    resolved "https://registry.yarnpkg.com/@types/dotenv/-/dotenv-8.2.0.tgz"
    integrity sha512-ylSC9GhfRH7m1EUXBXofhgx4lUWmFeQDINW5oLuS+gxWdfUeW4zJdeVTYVkexEW+e2VUvlZR2kGnGGipAWR7kw==
    dependencies:
      dotenv "*"
  
  "@types/node-fetch@*":
    version "2.5.7"
    resolved "https://registry.yarnpkg.com/@types/node-fetch/-/node-fetch-2.5.7.tgz"
    integrity sha512-o2WVNf5UhWRkxlf6eq+jMZDu7kjgpgJfl4xVNlvryc95O/6F2ld8ztKX+qu+Rjyet93WAWm5LjeX9H5FGkODvw==
    dependencies:
      "@types/node" "*"
      form-data "^3.0.0"
  
  "@types/node@*", "@types/node@^14.14.3":
    version "14.14.12"
    resolved "https://registry.yarnpkg.com/@types/node/-/node-14.14.12.tgz"
    integrity sha512-ASH8OPHMNlkdjrEdmoILmzFfsJICvhBsFfAum4aKZ/9U4B6M6tTmTPh+f3ttWdD74CEGV5XvXWkbyfSdXaTd7g==
  
  "@types/pouchdb-adapter-cordova-sqlite@*":
    version "1.0.0"
    resolved "https://registry.yarnpkg.com/@types/pouchdb-adapter-cordova-sqlite/-/pouchdb-adapter-cordova-sqlite-1.0.0.tgz"
    integrity sha512-NsqpEYKunBS/BPvttlOVQ5Me6LdU6UYZB0Qak3XS/AvLeIRdF61MZ/czSuL/ozydYr6bikewt6dvlpCK1HWG9Q==
    dependencies:
      "@types/pouchdb-core" "*"
  
  "@types/pouchdb-adapter-fruitdown@*":
    version "6.1.3"
    resolved "https://registry.yarnpkg.com/@types/pouchdb-adapter-fruitdown/-/pouchdb-adapter-fruitdown-6.1.3.tgz"
    integrity sha512-Wz1Z1JLOW1hgmFQjqnSkmyyfH7by/iWb4abKn684WMvQfmxx6BxKJpJ4+eulkVPQzzgMMSgU1MpnQOm9FgRkbw==
    dependencies:
      "@types/pouchdb-core" "*"
  
  "@types/pouchdb-adapter-http@*":
    version "6.1.3"
    resolved "https://registry.yarnpkg.com/@types/pouchdb-adapter-http/-/pouchdb-adapter-http-6.1.3.tgz"
    integrity sha512-9Z4TLbF/KJWy/D2sWRPBA+RNU0odQimfdvlDX+EY7rGcd3aVoH8qjD/X0Xcd/0dfBH5pKrNIMFFQgW/TylRCmA==
    dependencies:
      "@types/pouchdb-core" "*"
  
  "@types/pouchdb-adapter-idb@*":
    version "6.1.3"
    resolved "https://registry.yarnpkg.com/@types/pouchdb-adapter-idb/-/pouchdb-adapter-idb-6.1.3.tgz"
    integrity sha512-K4G9pmHkR2JyL8d6cllIEix2dtQFVIJyDcgoT7ctrbIyyhT4kRjieGc3O7tzIhm1bv7W2qz1aResO9lq7qjKVQ==
    dependencies:
      "@types/pouchdb-core" "*"
  
  "@types/pouchdb-adapter-leveldb@*":
    version "6.1.3"
    resolved "https://registry.yarnpkg.com/@types/pouchdb-adapter-leveldb/-/pouchdb-adapter-leveldb-6.1.3.tgz"
    integrity sha512-ex8NFqQGFwEpFi7AaZ5YofmuemfZNsL3nTFZBUCAKYMBkazQij1pe2ILLStSvJr0XS0qxgXjCEW19T5Wqiiskg==
    dependencies:
      "@types/pouchdb-core" "*"
  
  "@types/pouchdb-adapter-localstorage@*":
    version "6.1.3"
    resolved "https://registry.yarnpkg.com/@types/pouchdb-adapter-localstorage/-/pouchdb-adapter-localstorage-6.1.3.tgz"
    integrity sha512-oor040tye1KKiGLWYtIy7rRT7C2yoyX3Tf6elEJRpjOA7Ja/H8lKc4LaSh9ATbptIcES6MRqZDxtp7ly9hsW3Q==
    dependencies:
      "@types/pouchdb-core" "*"
  
  "@types/pouchdb-adapter-memory@*":
    version "6.1.3"
    resolved "https://registry.yarnpkg.com/@types/pouchdb-adapter-memory/-/pouchdb-adapter-memory-6.1.3.tgz"
    integrity sha512-gVbsIMzDzgZYThFVT4eVNsmuZwVm/4jDxP1sjlgc3qtDIxbtBhGgyNfcskwwz9Zu5Lv1avkDsIWvcxQhnvRlHg==
    dependencies:
      "@types/pouchdb-core" "*"
  
  "@types/pouchdb-adapter-node-websql@*":
    version "6.1.3"
    resolved "https://registry.yarnpkg.com/@types/pouchdb-adapter-node-websql/-/pouchdb-adapter-node-websql-6.1.3.tgz"
    integrity sha512-F/P+os6Jsa7CgHtH64+Z0HfwIcj0hIRB5z8gNhF7L7dxPWoAfkopK5H2gydrP3sQrlGyN4WInF+UJW/Zu1+FKg==
    dependencies:
      "@types/pouchdb-adapter-websql" "*"
      "@types/pouchdb-core" "*"
  
  "@types/pouchdb-adapter-websql@*":
    version "6.1.3"
    resolved "https://registry.yarnpkg.com/@types/pouchdb-adapter-websql/-/pouchdb-adapter-websql-6.1.3.tgz"
    integrity sha512-0AsCWnliwg/3PKj5NAoFuzpnMQKXGBOl+6q8aNxK3N9Tq3SbV91QhgW/mdJsOdqSOw0EBudkGdE6/CZlrgeLpw==
    dependencies:
      "@types/pouchdb-core" "*"
  
  "@types/pouchdb-browser@*":
    version "6.1.3"
    resolved "https://registry.yarnpkg.com/@types/pouchdb-browser/-/pouchdb-browser-6.1.3.tgz"
    integrity sha512-EdYowrWxW9SWBMX/rux2eq7dbHi5Zeyzz+FF/IAsgQKnUxgeCO5VO2j4zTzos0SDyJvAQU+EYRc11r7xGn5tvA==
    dependencies:
      "@types/pouchdb-adapter-http" "*"
      "@types/pouchdb-adapter-idb" "*"
      "@types/pouchdb-adapter-websql" "*"
      "@types/pouchdb-core" "*"
      "@types/pouchdb-mapreduce" "*"
      "@types/pouchdb-replication" "*"
  
  "@types/pouchdb-core@*":
    version "7.0.6"
    resolved "https://registry.yarnpkg.com/@types/pouchdb-core/-/pouchdb-core-7.0.6.tgz"
    integrity sha512-MCTtOA3buNN+YVkCWFaojWzP6SsESLRp5uXtXcZE8aUm8RNM/hrVun+RVmzP4NTIGBjKQgO9U9X/bTd9k0jsXA==
    dependencies:
      "@types/debug" "*"
      "@types/node-fetch" "*"
      "@types/pouchdb-find" "*"
  
  "@types/pouchdb-find@*":
    version "6.3.6"
    resolved "https://registry.yarnpkg.com/@types/pouchdb-find/-/pouchdb-find-6.3.6.tgz"
    integrity sha512-qXgkYfmwUIMCtFcX959ywYyFYJp23Er3btfWNwm1wyYpPK9uuJD8Zh7OmcyFLzWKZG7c8eLHVvGGOp4NysHjDg==
    dependencies:
      "@types/pouchdb-core" "*"
  
  "@types/pouchdb-http@*":
    version "6.1.3"
    resolved "https://registry.yarnpkg.com/@types/pouchdb-http/-/pouchdb-http-6.1.3.tgz"
    integrity sha512-0e9E5SqNOyPl/3FnEIbENssB4FlJsNYuOy131nxrZk36S+y1R/6qO7ZVRypWpGTqBWSuVd7gCsq2UDwO/285+w==
    dependencies:
      "@types/pouchdb-adapter-http" "*"
      "@types/pouchdb-core" "*"
  
  "@types/pouchdb-mapreduce@*":
    version "6.1.4"
    resolved "https://registry.yarnpkg.com/@types/pouchdb-mapreduce/-/pouchdb-mapreduce-6.1.4.tgz"
    integrity sha512-c8cZ8E9zEl7ZMcrE5jaF2qOm+cxQ01+B0NG9oGHVX3Mj5G8m4oIBAUELJmJw9LvEq3r9nXXn6g9TvvN8NiRalg==
    dependencies:
      "@types/pouchdb-core" "*"
  
  "@types/pouchdb-node@*":
    version "6.1.3"
    resolved "https://registry.yarnpkg.com/@types/pouchdb-node/-/pouchdb-node-6.1.3.tgz"
    integrity sha512-rZb3eWGLKJo4LBhUIJLofyoric/5wKYI6HVUld8CfDWeVZgYVUJ/GEw/vXuqXsbgbsaNyk6XeU9461ULBt+0qg==
    dependencies:
      "@types/pouchdb-adapter-http" "*"
      "@types/pouchdb-adapter-leveldb" "*"
      "@types/pouchdb-core" "*"
      "@types/pouchdb-mapreduce" "*"
      "@types/pouchdb-replication" "*"
  
  "@types/pouchdb-replication@*":
    version "6.4.2"
    resolved "https://registry.yarnpkg.com/@types/pouchdb-replication/-/pouchdb-replication-6.4.2.tgz"
    integrity sha512-BbuwkCv6nu8RUVjymUvhSw/Oo+VOCWyUpio3ujOoxhVdef/JZ5AUjsotgKWHiG0OtkZ8O5oCbAx5uH1Zf6w9XA==
    dependencies:
      "@types/pouchdb-core" "*"
      "@types/pouchdb-find" "*"
  
  "@types/pouchdb@^6.4.0":
    version "6.4.0"
    resolved "https://registry.yarnpkg.com/@types/pouchdb/-/pouchdb-6.4.0.tgz"
    integrity sha512-eGCpX+NXhd5VLJuJMzwe3L79fa9+IDTrAG3CPaf4s/31PD56hOrhDJTSmRELSXuiqXr6+OHzzP0PldSaWsFt7w==
    dependencies:
      "@types/pouchdb-adapter-cordova-sqlite" "*"
      "@types/pouchdb-adapter-fruitdown" "*"
      "@types/pouchdb-adapter-http" "*"
      "@types/pouchdb-adapter-idb" "*"
      "@types/pouchdb-adapter-leveldb" "*"
      "@types/pouchdb-adapter-localstorage" "*"
      "@types/pouchdb-adapter-memory" "*"
      "@types/pouchdb-adapter-node-websql" "*"
      "@types/pouchdb-adapter-websql" "*"
      "@types/pouchdb-browser" "*"
      "@types/pouchdb-core" "*"
      "@types/pouchdb-http" "*"
      "@types/pouchdb-mapreduce" "*"
      "@types/pouchdb-node" "*"
      "@types/pouchdb-replication" "*"
  
  JSONStream@^1.0.3:
    version "1.3.5"
    resolved "https://registry.npmjs.org/JSONStream/-/JSONStream-1.3.5.tgz"
    integrity sha512-E+iruNOY8VV9s4JEbe1aNEm6MiszPRr/UfcHMz0TQh1BXSxHK+ASV1R6W4HpjBhSeS+54PIsAMCBmwD06LLsqQ==
    dependencies:
      jsonparse "^1.2.0"
      through ">=2.2.7 <3"
  
  abort-controller@3.0.0:
    version "3.0.0"
    resolved "https://registry.yarnpkg.com/abort-controller/-/abort-controller-3.0.0.tgz"
    integrity sha512-h8lQ8tacZYnR3vNQTgibj+tODHI5/+l06Au2Pcriv/Gmet0eaj4TwWH41sO9wnHDiQsEj19q0drzdWdeAHtweg==
    dependencies:
      event-target-shim "^5.0.0"
  
  abstract-leveldown@^6.2.1:
    version "6.3.0"
    resolved "https://registry.yarnpkg.com/abstract-leveldown/-/abstract-leveldown-6.3.0.tgz"
    integrity sha512-TU5nlYgta8YrBMNpc9FwQzRbiXsj49gsALsXadbGHt9CROPzX5fB0rWDR5mtdpOOKa5XqRFpbj1QroPAoPzVjQ==
    dependencies:
      buffer "^5.5.0"
      immediate "^3.2.3"
      level-concat-iterator "~2.0.0"
      level-supports "~1.0.0"
      xtend "~4.0.0"
  
  abstract-leveldown@~6.2.1, abstract-leveldown@~6.2.3:
    version "6.2.3"
    resolved "https://registry.yarnpkg.com/abstract-leveldown/-/abstract-leveldown-6.2.3.tgz"
    integrity sha512-BsLm5vFMRUrrLeCcRc+G0t2qOaTzpoJQLOubq2XM72eNpjF5UdU5o/5NvlNhx95XHcAvcl8OMXr4mlg/fRgUXQ==
    dependencies:
      buffer "^5.5.0"
      immediate "^3.2.3"
      level-concat-iterator "~2.0.0"
      level-supports "~1.0.0"
      xtend "~4.0.0"
  
  acorn-node@^1.2.0, acorn-node@^1.3.0, acorn-node@^1.5.2, acorn-node@^1.6.1:
    version "1.8.2"
    resolved "https://registry.npmjs.org/acorn-node/-/acorn-node-1.8.2.tgz"
    integrity sha512-8mt+fslDufLYntIoPAaIMUe/lrbrehIiwmR3t2k9LljIzoigEPF27eLk2hy8zSGzmR/ogr7zbRKINMo1u0yh5A==
    dependencies:
      acorn "^7.0.0"
      acorn-walk "^7.0.0"
      xtend "^4.0.2"
  
  acorn-walk@^7.0.0:
    version "7.2.0"
    resolved "https://registry.npmjs.org/acorn-walk/-/acorn-walk-7.2.0.tgz"
    integrity sha512-OPdCF6GsMIP+Az+aWfAAOEt2/+iVDKE7oy6lJ098aoe59oAmK76qV6Gw60SbZ8jHuG2wH058GF4pLFbYamYrVA==
  
  acorn@^1.0.3:
    version "1.2.2"
    resolved "https://registry.yarnpkg.com/acorn/-/acorn-1.2.2.tgz#c8ce27de0acc76d896d2b1fad3df588d9e82f014"
    integrity sha1-yM4n3grMdtiW0rH6099YjZ6C8BQ=
  
  acorn@^5.2.1:
    version "5.7.4"
    resolved "https://registry.yarnpkg.com/acorn/-/acorn-5.7.4.tgz#3e8d8a9947d0599a1796d10225d7432f4a4acf5e"
    integrity sha512-1D++VG7BhrtvQpNbBzovKNc1FLGGEE/oGe7b9xJm/RFHMBeUaUGpluV9RLjZa47YFdPcDAenEYuq9pQPcMdLJg==
  
  acorn@^7.0.0:
    version "7.4.1"
    resolved "https://registry.npmjs.org/acorn/-/acorn-7.4.1.tgz"
    integrity sha512-nQyp0o1/mNdbTO1PO6kHkwSrmgZ0MT/jCCpNiwbUjGoRN4dlBhqJtoQuCnEOKzgTVwg0ZWiCoQy6SxMebQVh8A==
  
  amdefine@>=0.0.4:
    version "1.0.1"
    resolved "https://registry.yarnpkg.com/amdefine/-/amdefine-1.0.1.tgz#4a5282ac164729e93619bcfd3ad151f817ce91f5"
    integrity sha1-SlKCrBZHKek2Gbz9OtFR+BfOkfU=
  
  ansi-regex@^2.0.0:
    version "2.1.1"
    resolved "https://registry.yarnpkg.com/ansi-regex/-/ansi-regex-2.1.1.tgz#c3b33ab5ee360d86e0e628f0468ae7ef27d654df"
    integrity sha1-w7M6te42DYbg5ijwRorn7yfWVN8=
  
  ansi-styles@^2.2.1:
    version "2.2.1"
    resolved "https://registry.yarnpkg.com/ansi-styles/-/ansi-styles-2.2.1.tgz#b432dd3358b634cf75e1e4664368240533c1ddbe"
    integrity sha1-tDLdM1i2NM914eRmQ2gkBTPB3b4=
  
  argsarray@0.0.1:
    version "0.0.1"
    resolved "https://registry.yarnpkg.com/argsarray/-/argsarray-0.0.1.tgz"
    integrity sha1-bnIHtOzbObCviDA/pa4ivajfYcs=
  
  array-filter@^1.0.0:
    version "1.0.0"
    resolved "https://registry.npmjs.org/array-filter/-/array-filter-1.0.0.tgz"
    integrity sha1-uveeYubvTCpMC4MSMtr/7CUfnYM=
  
  asn1.js@^5.2.0:
    version "5.4.1"
    resolved "https://registry.npmjs.org/asn1.js/-/asn1.js-5.4.1.tgz"
    integrity sha512-+I//4cYPccV8LdmBLiX8CYvf9Sp3vQsrqu2QNXRcrbiWvcx/UdlFiqUJJzxRQxgsZmvhXhn4cSKeSmoFjVdupA==
    dependencies:
      bn.js "^4.0.0"
      inherits "^2.0.1"
      minimalistic-assert "^1.0.0"
      safer-buffer "^2.1.0"
  
  asn1@~0.2.3:
    version "0.2.4"
    resolved "https://registry.yarnpkg.com/asn1/-/asn1-0.2.4.tgz#8d2475dfab553bb33e77b54e59e880bb8ce23136"
    integrity sha512-jxwzQpLQjSmWXgwaCZE9Nz+glAG01yF1QnWgbhGwHI5A6FRIEY6IVqtHhIepHqI7/kyEyQEagBC5mBEFlIYvdg==
    dependencies:
      safer-buffer "~2.1.0"
  
  assert-plus@1.0.0, assert-plus@^1.0.0:
    version "1.0.0"
    resolved "https://registry.yarnpkg.com/assert-plus/-/assert-plus-1.0.0.tgz#f12e0f3c5d77b0b1cdd9146942e4e96c1e4dd525"
    integrity sha1-8S4PPF13sLHN2RRpQuTpbB5N1SU=
  
  assert-plus@^0.2.0:
    version "0.2.0"
    resolved "https://registry.yarnpkg.com/assert-plus/-/assert-plus-0.2.0.tgz#d74e1b87e7affc0db8aadb7021f3fe48101ab234"
    integrity sha1-104bh+ev/A24qttwIfP+SBAasjQ=
  
  assert@^1.4.0:
    version "1.5.0"
    resolved "https://registry.npmjs.org/assert/-/assert-1.5.0.tgz"
    integrity sha512-EDsgawzwoun2CZkCgtxJbv392v4nbk9XDD06zI+kQYoBM/3RBWLlEyJARDOmhAAosBjWACEkKL6S+lIZtcAubA==
    dependencies:
      object-assign "^4.1.1"
      util "0.10.3"
  
  ast-types@0.8.15:
    version "0.8.15"
    resolved "https://registry.yarnpkg.com/ast-types/-/ast-types-0.8.15.tgz#8eef0827f04dff0ec8857ba925abe3fea6194e52"
    integrity sha1-ju8IJ/BN/w7IhXupJavj/qYZTlI=
  
  ast-types@0.9.6:
    version "0.9.6"
    resolved "https://registry.yarnpkg.com/ast-types/-/ast-types-0.9.6.tgz#102c9e9e9005d3e7e3829bf0c4fa24ee862ee9b9"
    integrity sha1-ECyenpAF0+fjgpvwxPok7oYu6bk=
  
  async@^2.0.1:
    version "2.6.3"
    resolved "https://registry.yarnpkg.com/async/-/async-2.6.3.tgz#d72625e2344a3656e3a3ad4fa749fa83299d82ff"
    integrity sha512-zflvls11DCy+dQWzTW2dzuilv8Z5X/pjfmZOWba6TNIVDm+2UDaJmXSOXlasHKfNBs8oo3M0aT50fDEWfKZjXg==
    dependencies:
      lodash "^4.17.14"
  
  asynckit@^0.4.0:
    version "0.4.0"
    resolved "https://registry.yarnpkg.com/asynckit/-/asynckit-0.4.0.tgz"
    integrity sha1-x57Zf380y48robyXkLzDZkdLS3k=
  
  available-typed-arrays@^1.0.2:
    version "1.0.2"
    resolved "https://registry.npmjs.org/available-typed-arrays/-/available-typed-arrays-1.0.2.tgz"
    integrity sha512-XWX3OX8Onv97LMk/ftVyBibpGwY5a8SmuxZPzeOxqmuEqUCOM9ZE+uIaD1VNJ5QnvU2UQusvmKbuM1FR8QWGfQ==
    dependencies:
      array-filter "^1.0.0"
  
  aws-sign2@~0.6.0:
    version "0.6.0"
    resolved "https://registry.yarnpkg.com/aws-sign2/-/aws-sign2-0.6.0.tgz#14342dd38dbcc94d0e5b87d763cd63612c0e794f"
    integrity sha1-FDQt0428yU0OW4fXY81jYSwOeU8=
  
  aws4@^1.2.1:
    version "1.11.0"
    resolved "https://registry.yarnpkg.com/aws4/-/aws4-1.11.0.tgz#d61f46d83b2519250e2784daf5b09479a8b41c59"
    integrity sha512-xh1Rl34h6Fi1DC2WWKfxUTVqRsNnr6LsKz2+hfwDxQJWmrx8+c7ylaqBMcHfl1U1r2dsifOvKX3LQuLNZ+XSvA==
  
  balanced-match@^1.0.0:
    version "1.0.0"
    resolved "https://registry.npmjs.org/balanced-match/-/balanced-match-1.0.0.tgz"
    integrity sha1-ibTRmasr7kneFk6gK4nORi1xt2c=
  
  base62@^1.1.0:
    version "1.2.8"
    resolved "https://registry.yarnpkg.com/base62/-/base62-1.2.8.tgz#1264cb0fb848d875792877479dbe8bae6bae3428"
    integrity sha512-V6YHUbjLxN1ymqNLb1DPHoU1CpfdL7d2YTIp5W3U4hhoG4hhxNmsFDs66M9EXxBiSEke5Bt5dwdfMwwZF70iLA==
  
  base64-js@^1.0.2, base64-js@^1.3.1:
    version "1.5.1"
    resolved "https://registry.yarnpkg.com/base64-js/-/base64-js-1.5.1.tgz"
    integrity sha512-AKpaYlHn8t4SVbOHCy+b5+KKgvR4vrsD8vbvrbiQJps7fKDTkjkDry6ji0rUJjC0kzbNePLwzxq8iypo41qeWA==
  
  bcrypt-pbkdf@^1.0.0:
    version "1.0.2"
    resolved "https://registry.yarnpkg.com/bcrypt-pbkdf/-/bcrypt-pbkdf-1.0.2.tgz#a4301d389b6a43f9b67ff3ca11a3f6637e360e9e"
    integrity sha1-pDAdOJtqQ/m2f/PKEaP2Y342Dp4=
    dependencies:
      tweetnacl "^0.14.3"
  
  bl@~1.1.2:
    version "1.1.2"
    resolved "https://registry.yarnpkg.com/bl/-/bl-1.1.2.tgz#fdca871a99713aa00d19e3bbba41c44787a65398"
    integrity sha1-/cqHGplxOqANGeO7ukHER4emU5g=
    dependencies:
      readable-stream "~2.0.5"
  
  bn.js@^4.0.0, bn.js@^4.1.0, bn.js@^4.4.0:
    version "4.11.9"
    resolved "https://registry.npmjs.org/bn.js/-/bn.js-4.11.9.tgz"
    integrity sha512-E6QoYqCKZfgatHTdHzs1RRKP7ip4vvm+EyRUeE2RF0NblwVvb0p6jSVeNTOFxPn26QXN2o6SMfNxKp6kU8zQaw==
  
  bn.js@^5.0.0, bn.js@^5.1.1:
    version "5.1.3"
    resolved "https://registry.npmjs.org/bn.js/-/bn.js-5.1.3.tgz"
    integrity sha512-GkTiFpjFtUzU9CbMeJ5iazkCzGL3jrhzerzZIuqLABjbwRaFt33I9tUdSNryIptM+RxDet6OKm2WnLXzW51KsQ==
  
  boom@2.x.x:
    version "2.10.1"
    resolved "https://registry.yarnpkg.com/boom/-/boom-2.10.1.tgz#39c8918ceff5799f83f9492a848f625add0c766f"
    integrity sha1-OciRjO/1eZ+D+UkqhI9iWt0Mdm8=
    dependencies:
      hoek "2.x.x"
  
  brace-expansion@^1.1.7:
    version "1.1.11"
    resolved "https://registry.npmjs.org/brace-expansion/-/brace-expansion-1.1.11.tgz"
    integrity sha512-iCuPHDFgrHX7H2vEI/5xpz07zSHB00TpugqhmYtVmMO6518mCuRMoOYFldEBl0g187ufozdaHgWKcYFb61qGiA==
    dependencies:
      balanced-match "^1.0.0"
      concat-map "0.0.1"
  
  brorand@^1.0.1:
    version "1.1.0"
    resolved "https://registry.npmjs.org/brorand/-/brorand-1.1.0.tgz"
    integrity sha1-EsJe/kCkXjwyPrhnWgoM5XsiNx8=
  
  browser-pack@^6.0.1:
    version "6.1.0"
    resolved "https://registry.npmjs.org/browser-pack/-/browser-pack-6.1.0.tgz"
    integrity sha512-erYug8XoqzU3IfcU8fUgyHqyOXqIE4tUTTQ+7mqUjQlvnXkOO6OlT9c/ZoJVHYoAaqGxr09CN53G7XIsO4KtWA==
    dependencies:
      JSONStream "^1.0.3"
      combine-source-map "~0.8.0"
      defined "^1.0.0"
      safe-buffer "^5.1.1"
      through2 "^2.0.0"
      umd "^3.0.0"
  
  browser-resolve@^2.0.0:
    version "2.0.0"
    resolved "https://registry.npmjs.org/browser-resolve/-/browser-resolve-2.0.0.tgz"
    integrity sha512-7sWsQlYL2rGLy2IWm8WL8DCTJvYLc/qlOnsakDac87SOoCd16WLsaAMdCiAqsTNHIe+SXfaqyxyo6THoWqs8WQ==
    dependencies:
      resolve "^1.17.0"
  
  browserify-aes@^1.0.0, browserify-aes@^1.0.4:
    version "1.2.0"
    resolved "https://registry.npmjs.org/browserify-aes/-/browserify-aes-1.2.0.tgz"
    integrity sha512-+7CHXqGuspUn/Sl5aO7Ea0xWGAtETPXNSAjHo48JfLdPWcMng33Xe4znFvQweqc/uzk5zSOI3H52CYnjCfb5hA==
    dependencies:
      buffer-xor "^1.0.3"
      cipher-base "^1.0.0"
      create-hash "^1.1.0"
      evp_bytestokey "^1.0.3"
      inherits "^2.0.1"
      safe-buffer "^5.0.1"
  
  browserify-cipher@^1.0.0:
    version "1.0.1"
    resolved "https://registry.npmjs.org/browserify-cipher/-/browserify-cipher-1.0.1.tgz"
    integrity sha512-sPhkz0ARKbf4rRQt2hTpAHqn47X3llLkUGn+xEJzLjwY8LRs2p0v7ljvI5EyoRO/mexrNunNECisZs+gw2zz1w==
    dependencies:
      browserify-aes "^1.0.4"
      browserify-des "^1.0.0"
      evp_bytestokey "^1.0.0"
  
  browserify-des@^1.0.0:
    version "1.0.2"
    resolved "https://registry.npmjs.org/browserify-des/-/browserify-des-1.0.2.tgz"
    integrity sha512-BioO1xf3hFwz4kc6iBhI3ieDFompMhrMlnDFC4/0/vd5MokpuAc3R+LYbwTA9A5Yc9pq9UYPqffKpW2ObuwX5A==
    dependencies:
      cipher-base "^1.0.1"
      des.js "^1.0.0"
      inherits "^2.0.1"
      safe-buffer "^5.1.2"
  
  browserify-rsa@^4.0.0, browserify-rsa@^4.0.1:
    version "4.1.0"
    resolved "https://registry.npmjs.org/browserify-rsa/-/browserify-rsa-4.1.0.tgz"
    integrity sha512-AdEER0Hkspgno2aR97SAf6vi0y0k8NuOpGnVH3O99rcA5Q6sh8QxcngtHuJ6uXwnfAXNM4Gn1Gb7/MV1+Ymbog==
    dependencies:
      bn.js "^5.0.0"
      randombytes "^2.0.1"
  
  browserify-sign@^4.0.0:
    version "4.2.1"
    resolved "https://registry.npmjs.org/browserify-sign/-/browserify-sign-4.2.1.tgz"
    integrity sha512-/vrA5fguVAKKAVTNJjgSm1tRQDHUU6DbwO9IROu/0WAzC8PKhucDSh18J0RMvVeHAn5puMd+QHC2erPRNf8lmg==
    dependencies:
      bn.js "^5.1.1"
      browserify-rsa "^4.0.1"
      create-hash "^1.2.0"
      create-hmac "^1.1.7"
      elliptic "^6.5.3"
      inherits "^2.0.4"
      parse-asn1 "^5.1.5"
      readable-stream "^3.6.0"
      safe-buffer "^5.2.0"
  
  browserify-zlib@~0.2.0:
    version "0.2.0"
    resolved "https://registry.npmjs.org/browserify-zlib/-/browserify-zlib-0.2.0.tgz"
    integrity sha512-Z942RysHXmJrhqk88FmKBVq/v5tqmSkDz7p54G/MGyjMnCFFnC79XWNbg+Vta8W6Wb2qtSZTSxIGkJrRpCFEiA==
    dependencies:
      pako "~1.0.5"
  
  browserify@^17.0.0:
    version "17.0.0"
    resolved "https://registry.npmjs.org/browserify/-/browserify-17.0.0.tgz"
    integrity sha512-SaHqzhku9v/j6XsQMRxPyBrSP3gnwmE27gLJYZgMT2GeK3J0+0toN+MnuNYDfHwVGQfLiMZ7KSNSIXHemy905w==
    dependencies:
      JSONStream "^1.0.3"
      assert "^1.4.0"
      browser-pack "^6.0.1"
      browser-resolve "^2.0.0"
      browserify-zlib "~0.2.0"
      buffer "~5.2.1"
      cached-path-relative "^1.0.0"
      concat-stream "^1.6.0"
      console-browserify "^1.1.0"
      constants-browserify "~1.0.0"
      crypto-browserify "^3.0.0"
      defined "^1.0.0"
      deps-sort "^2.0.1"
      domain-browser "^1.2.0"
      duplexer2 "~0.1.2"
      events "^3.0.0"
      glob "^7.1.0"
      has "^1.0.0"
      htmlescape "^1.1.0"
      https-browserify "^1.0.0"
      inherits "~2.0.1"
      insert-module-globals "^7.2.1"
      labeled-stream-splicer "^2.0.0"
      mkdirp-classic "^0.5.2"
      module-deps "^6.2.3"
      os-browserify "~0.3.0"
      parents "^1.0.1"
      path-browserify "^1.0.0"
      process "~0.11.0"
      punycode "^1.3.2"
      querystring-es3 "~0.2.0"
      read-only-stream "^2.0.0"
      readable-stream "^2.0.2"
      resolve "^1.1.4"
      shasum-object "^1.0.0"
      shell-quote "^1.6.1"
      stream-browserify "^3.0.0"
      stream-http "^3.0.0"
      string_decoder "^1.1.1"
      subarg "^1.0.0"
      syntax-error "^1.1.1"
      through2 "^2.0.0"
      timers-browserify "^1.0.1"
      tty-browserify "0.0.1"
      url "~0.11.0"
      util "~0.12.0"
      vm-browserify "^1.0.0"
      xtend "^4.0.0"
  
  buffer-from@1.1.1, buffer-from@^1.0.0:
    version "1.1.1"
    resolved "https://registry.yarnpkg.com/buffer-from/-/buffer-from-1.1.1.tgz"
    integrity sha512-MQcXEUbCKtEo7bhqEs6560Hyd4XaovZlO/k9V3hjVUF/zwW7KBVdSK4gIt/bzwS9MbR5qob+F5jusZsb0YQK2A==
  
  buffer-xor@^1.0.3:
    version "1.0.3"
    resolved "https://registry.npmjs.org/buffer-xor/-/buffer-xor-1.0.3.tgz"
    integrity sha1-JuYe0UIvtw3ULm42cp7VHYVf6Nk=
  
  buffer@^5.5.0, buffer@^5.6.0:
    version "5.7.1"
    resolved "https://registry.yarnpkg.com/buffer/-/buffer-5.7.1.tgz"
    integrity sha512-EHcyIPBQ4BSGlvjB16k5KgAJ27CIsHY/2JBmCRReo48y9rQ3MaUzWX3KVlBa4U7MyX02HdVj0K7C3WaB3ju7FQ==
    dependencies:
      base64-js "^1.3.1"
      ieee754 "^1.1.13"
  
  buffer@~5.2.1:
    version "5.2.1"
    resolved "https://registry.npmjs.org/buffer/-/buffer-5.2.1.tgz"
    integrity sha512-c+Ko0loDaFfuPWiL02ls9Xd3GO3cPVmUobQ6t3rXNUk304u6hGq+8N/kFi+QEIKhzK3uwolVhLzszmfLmMLnqg==
    dependencies:
      base64-js "^1.0.2"
      ieee754 "^1.1.4"
  
  builtin-status-codes@^3.0.0:
    version "3.0.0"
    resolved "https://registry.npmjs.org/builtin-status-codes/-/builtin-status-codes-3.0.0.tgz"
    integrity sha1-hZgoeOIbmOHGZCXgPQF0eI9Wnug=
  
  cached-path-relative@^1.0.0, cached-path-relative@^1.0.2:
    version "1.0.2"
    resolved "https://registry.npmjs.org/cached-path-relative/-/cached-path-relative-1.0.2.tgz"
    integrity sha512-5r2GqsoEb4qMTTN9J+WzXfjov+hjxT+j3u5K+kIVNIwAd99DLCJE9pBIMP1qVeybV6JiijL385Oz0DcYxfbOIg==
  
  call-bind@^1.0.0:
    version "1.0.0"
    resolved "https://registry.npmjs.org/call-bind/-/call-bind-1.0.0.tgz"
    integrity sha512-AEXsYIyyDY3MCzbwdhzG3Jx1R0J2wetQyUynn6dYHAO+bg8l1k7jwZtRv4ryryFs7EP+NDlikJlVe59jr0cM2w==
    dependencies:
      function-bind "^1.1.1"
      get-intrinsic "^1.0.0"
  
  caseless@~0.11.0:
    version "0.11.0"
    resolved "https://registry.yarnpkg.com/caseless/-/caseless-0.11.0.tgz#715b96ea9841593cc33067923f5ec60ebda4f7d7"
    integrity sha1-cVuW6phBWTzDMGeSP17GDr2k99c=
  
  chalk@^1.1.1:
    version "1.1.3"
    resolved "https://registry.yarnpkg.com/chalk/-/chalk-1.1.3.tgz#a8115c55e4a702fe4d150abd3872822a7e09fc98"
    integrity sha1-qBFcVeSnAv5NFQq9OHKCKn4J/Jg=
    dependencies:
      ansi-styles "^2.2.1"
      escape-string-regexp "^1.0.2"
      has-ansi "^2.0.0"
      strip-ansi "^3.0.0"
      supports-color "^2.0.0"
  
  cipher-base@^1.0.0, cipher-base@^1.0.1, cipher-base@^1.0.3:
    version "1.0.4"
    resolved "https://registry.npmjs.org/cipher-base/-/cipher-base-1.0.4.tgz"
    integrity sha512-Kkht5ye6ZGmwv40uUDZztayT2ThLQGfnj/T71N/XzeZeo3nf8foyW7zGTsPYkEya3m5f3cAypH+qe7YOrM1U2Q==
    dependencies:
      inherits "^2.0.1"
      safe-buffer "^5.0.1"
  
  clone-buffer@1.0.0:
    version "1.0.0"
    resolved "https://registry.yarnpkg.com/clone-buffer/-/clone-buffer-1.0.0.tgz"
    integrity sha1-4+JbIHrE5wGvch4staFnksrD3Fg=
  
  combine-source-map@^0.8.0, combine-source-map@~0.8.0:
    version "0.8.0"
    resolved "https://registry.npmjs.org/combine-source-map/-/combine-source-map-0.8.0.tgz"
    integrity sha1-pY0N8ELBhvz4IqjoAV9UUNLXmos=
    dependencies:
      convert-source-map "~1.1.0"
      inline-source-map "~0.6.0"
      lodash.memoize "~3.0.3"
      source-map "~0.5.3"
  
  combined-stream@^1.0.5, combined-stream@^1.0.8, combined-stream@~1.0.5:
    version "1.0.8"
    resolved "https://registry.yarnpkg.com/combined-stream/-/combined-stream-1.0.8.tgz"
    integrity sha512-FQN4MRfuJeHf7cBbBMJFXhKSDq+2kAArBlmRBvcvFE5BB1HZKXtSFASDhdlz9zOYwxh8lDdnvmMOe/+5cdoEdg==
    dependencies:
      delayed-stream "~1.0.0"
  
  commander@^2.5.0, commander@^2.9.0:
    version "2.20.3"
    resolved "https://registry.yarnpkg.com/commander/-/commander-2.20.3.tgz#fd485e84c03eb4881c20722ba48035e8531aeb33"
    integrity sha512-GpVkmM8vF2vQUkj2LvZmD35JxeJOLCwJ9cUkugyk2nuhbv3+mJvpLYYt+0+USMxE+oj+ey/lJEnhZw75x/OMcQ==
  
  commoner@^0.10.1:
    version "0.10.8"
    resolved "https://registry.yarnpkg.com/commoner/-/commoner-0.10.8.tgz#34fc3672cd24393e8bb47e70caa0293811f4f2c5"
    integrity sha1-NPw2cs0kOT6LtH5wyqApOBH08sU=
    dependencies:
      commander "^2.5.0"
      detective "^4.3.1"
      glob "^5.0.15"
      graceful-fs "^4.1.2"
      iconv-lite "^0.4.5"
      mkdirp "^0.5.0"
      private "^0.1.6"
      q "^1.1.2"
      recast "^0.11.17"
  
  concat-map@0.0.1:
    version "0.0.1"
    resolved "https://registry.npmjs.org/concat-map/-/concat-map-0.0.1.tgz"
    integrity sha1-2Klr13/Wjfd5OnMDajug1UBdR3s=
  
  concat-stream@^1.6.0, concat-stream@^1.6.1, concat-stream@~1.6.0:
    version "1.6.2"
    resolved "https://registry.npmjs.org/concat-stream/-/concat-stream-1.6.2.tgz"
    integrity sha512-27HBghJxjiZtIk3Ycvn/4kbJk/1uZuJFfuPEns6LaEvpvG1f0hTea8lilrouyo9mVc2GWdcEZ8OLoGmSADlrCw==
    dependencies:
      buffer-from "^1.0.0"
      inherits "^2.0.3"
      readable-stream "^2.2.2"
      typedarray "^0.0.6"
  
  console-browserify@^1.1.0:
    version "1.2.0"
    resolved "https://registry.npmjs.org/console-browserify/-/console-browserify-1.2.0.tgz"
    integrity sha512-ZMkYO/LkF17QvCPqM0gxw8yUzigAOZOSWSHg91FH6orS7vcEj5dVZTidN2fQ14yBSdg97RqhSNwLUXInd52OTA==
  
  constants-browserify@~1.0.0:
    version "1.0.0"
    resolved "https://registry.npmjs.org/constants-browserify/-/constants-browserify-1.0.0.tgz"
    integrity sha1-wguW2MYXdIqvHBYCF2DNJ/y4y3U=
  
  convert-source-map@~1.1.0:
    version "1.1.3"
    resolved "https://registry.npmjs.org/convert-source-map/-/convert-source-map-1.1.3.tgz"
    integrity sha1-SCnId+n+SbMWHzvzZziI4gRpmGA=
  
  core-util-is@1.0.2, core-util-is@~1.0.0:
    version "1.0.2"
    resolved "https://registry.yarnpkg.com/core-util-is/-/core-util-is-1.0.2.tgz"
    integrity sha1-tf1UIgqivFq1eqtxQMlAdUUDwac=
  
  create-ecdh@^4.0.0:
    version "4.0.4"
    resolved "https://registry.npmjs.org/create-ecdh/-/create-ecdh-4.0.4.tgz"
    integrity sha512-mf+TCx8wWc9VpuxfP2ht0iSISLZnt0JgWlrOKZiNqyUZWnjIaCIVNQArMHnCZKfEYRg6IM7A+NeJoN8gf/Ws0A==
    dependencies:
      bn.js "^4.1.0"
      elliptic "^6.5.3"
  
  create-hash@^1.1.0, create-hash@^1.1.2, create-hash@^1.2.0:
    version "1.2.0"
    resolved "https://registry.npmjs.org/create-hash/-/create-hash-1.2.0.tgz"
    integrity sha512-z00bCGNHDG8mHAkP7CtT1qVu+bFQUPjYq/4Iv3C3kWjTFV10zIjfSoeqXo9Asws8gwSHDGj/hl2u4OGIjapeCg==
    dependencies:
      cipher-base "^1.0.1"
      inherits "^2.0.1"
      md5.js "^1.3.4"
      ripemd160 "^2.0.1"
      sha.js "^2.4.0"
  
  create-hmac@^1.1.0, create-hmac@^1.1.4, create-hmac@^1.1.7:
    version "1.1.7"
    resolved "https://registry.npmjs.org/create-hmac/-/create-hmac-1.1.7.tgz"
    integrity sha512-MJG9liiZ+ogc4TzUwuvbER1JRdgvUFSB5+VR/g5h82fGaIRWMWddtKBHi7/sVhfjQZ6SehlyhvQYrcYkaUIpLg==
    dependencies:
      cipher-base "^1.0.3"
      create-hash "^1.1.0"
      inherits "^2.0.1"
      ripemd160 "^2.0.0"
      safe-buffer "^5.0.1"
      sha.js "^2.4.8"
  
  cryptiles@2.x.x:
    version "2.0.5"
    resolved "https://registry.yarnpkg.com/cryptiles/-/cryptiles-2.0.5.tgz#3bdfecdc608147c1c67202fa291e7dca59eaa3b8"
    integrity sha1-O9/s3GCBR8HGcgL6KR59ylnqo7g=
    dependencies:
      boom "2.x.x"
  
  crypto-browserify@^3.0.0:
    version "3.12.0"
    resolved "https://registry.npmjs.org/crypto-browserify/-/crypto-browserify-3.12.0.tgz"
    integrity sha512-fz4spIh+znjO2VjL+IdhEpRJ3YN6sMzITSBijk6FK2UvTqruSQW+/cCZTSNsMiZNvUeq0CqurF+dAbyiGOY6Wg==
    dependencies:
      browserify-cipher "^1.0.0"
      browserify-sign "^4.0.0"
      create-ecdh "^4.0.0"
      create-hash "^1.1.0"
      create-hmac "^1.1.0"
      diffie-hellman "^5.0.0"
      inherits "^2.0.1"
      pbkdf2 "^3.0.3"
      public-encrypt "^4.0.0"
      randombytes "^2.0.0"
      randomfill "^1.0.3"
  
  dash-ast@^1.0.0:
    version "1.0.0"
    resolved "https://registry.npmjs.org/dash-ast/-/dash-ast-1.0.0.tgz"
    integrity sha512-Vy4dx7gquTeMcQR/hDkYLGUnwVil6vk4FOOct+djUnHOUWt+zJPJAaRIXaAFkPXtJjvlY7o3rfRu0/3hpnwoUA==
  
  dashdash@^1.12.0:
    version "1.14.1"
    resolved "https://registry.yarnpkg.com/dashdash/-/dashdash-1.14.1.tgz#853cfa0f7cbe2fed5de20326b8dd581035f6e2f0"
    integrity sha1-hTz6D3y+L+1d4gMmuN1YEDX24vA=
    dependencies:
      assert-plus "^1.0.0"
  
  debug@2.2.0:
    version "2.2.0"
    resolved "https://registry.yarnpkg.com/debug/-/debug-2.2.0.tgz#f87057e995b1a1f6ae6a4960664137bc56f039da"
    integrity sha1-+HBX6ZWxofauaklgZkE3vFbwOdo=
    dependencies:
      ms "0.7.1"
  
  deferred-leveldown@~5.3.0:
    version "5.3.0"
    resolved "https://registry.yarnpkg.com/deferred-leveldown/-/deferred-leveldown-5.3.0.tgz"
    integrity sha512-a59VOT+oDy7vtAbLRCZwWgxu2BaCfd5Hk7wxJd48ei7I+nsg8Orlb9CLG0PMZienk9BSUKgeAqkO2+Lw+1+Ukw==
    dependencies:
      abstract-leveldown "~6.2.1"
      inherits "^2.0.3"
  
  define-properties@^1.1.3:
    version "1.1.3"
    resolved "https://registry.npmjs.org/define-properties/-/define-properties-1.1.3.tgz"
    integrity sha512-3MqfYKj2lLzdMSf8ZIZE/V+Zuy+BgD6f164e8K2w7dgnpKArBDerGYpM46IYYcjnkdPNMjPk9A6VFB8+3SKlXQ==
    dependencies:
      object-keys "^1.0.12"
  
  defined@^1.0.0:
    version "1.0.0"
    resolved "https://registry.npmjs.org/defined/-/defined-1.0.0.tgz"
    integrity sha1-yY2bzvdWdBiOEQlpFRGZ45sfppM=
  
  delayed-stream@~1.0.0:
    version "1.0.0"
    resolved "https://registry.yarnpkg.com/delayed-stream/-/delayed-stream-1.0.0.tgz"
    integrity sha1-3zrhmayt+31ECqrgsp4icrJOxhk=
  
  deps-sort@^2.0.1:
    version "2.0.1"
    resolved "https://registry.npmjs.org/deps-sort/-/deps-sort-2.0.1.tgz"
    integrity sha512-1orqXQr5po+3KI6kQb9A4jnXT1PBwggGl2d7Sq2xsnOeI9GPcE/tGcF9UiSZtZBM7MukY4cAh7MemS6tZYipfw==
    dependencies:
      JSONStream "^1.0.3"
      shasum-object "^1.0.0"
      subarg "^1.0.0"
      through2 "^2.0.0"
  
  des.js@^1.0.0:
    version "1.0.1"
    resolved "https://registry.npmjs.org/des.js/-/des.js-1.0.1.tgz"
    integrity sha512-Q0I4pfFrv2VPd34/vfLrFOoRmlYj3OV50i7fskps1jZWK1kApMWWT9G6RRUeYedLcBDIhnSDaUvJMb3AhUlaEA==
    dependencies:
      inherits "^2.0.1"
      minimalistic-assert "^1.0.0"
  
  detective@^4.3.1:
    version "4.7.1"
    resolved "https://registry.yarnpkg.com/detective/-/detective-4.7.1.tgz#0eca7314338442febb6d65da54c10bb1c82b246e"
    integrity sha512-H6PmeeUcZloWtdt4DAkFyzFL94arpHr3NOwwmVILFiy+9Qd4JTxxXrzfyGk/lmct2qVGBwTSwSXagqu2BxmWig==
    dependencies:
      acorn "^5.2.1"
      defined "^1.0.0"
  
  detective@^5.2.0:
    version "5.2.0"
    resolved "https://registry.npmjs.org/detective/-/detective-5.2.0.tgz"
    integrity sha512-6SsIx+nUUbuK0EthKjv0zrdnajCCXVYGmbYYiYjFVpzcjwEs/JMDZ8tPRG29J/HhN56t3GJp2cGSWDRjjot8Pg==
    dependencies:
      acorn-node "^1.6.1"
      defined "^1.0.0"
      minimist "^1.1.1"
  
  diffie-hellman@^5.0.0:
    version "5.0.3"
    resolved "https://registry.npmjs.org/diffie-hellman/-/diffie-hellman-5.0.3.tgz"
    integrity sha512-kqag/Nl+f3GwyK25fhUMYj81BUOrZ9IuJsjIcDE5icNM9FJHAVm3VcUDxdLPoQtTuUylWm6ZIknYJwwaPxsUzg==
    dependencies:
      bn.js "^4.1.0"
      miller-rabin "^4.0.0"
      randombytes "^2.0.0"
  
  domain-browser@^1.2.0:
    version "1.2.0"
    resolved "https://registry.npmjs.org/domain-browser/-/domain-browser-1.2.0.tgz"
    integrity sha512-jnjyiM6eRyZl2H+W8Q/zLMA481hzi0eszAaBUzIVnmYVDBbnLxVNnfu1HgEBvCbL+71FrxMl3E6lpKH7Ge3OXA==
  
  dotenv@*:
    version "8.2.0"
    resolved "https://registry.yarnpkg.com/dotenv/-/dotenv-8.2.0.tgz"
    integrity sha512-8sJ78ElpbDJBHNeBzUbUVLsqKdccaa/BXF1uPTw3GrvQTBgrQrtObr2mUrE38vzYd8cEv+m/JBfDLioYcfXoaw==
  
  double-ended-queue@2.1.0-0:
    version "2.1.0-0"
    resolved "https://registry.yarnpkg.com/double-ended-queue/-/double-ended-queue-2.1.0-0.tgz"
    integrity sha1-ED01J/0xUo9AGIEwyEHv3XgmTlw=
  
  duplexer2@^0.1.2, duplexer2@~0.1.0, duplexer2@~0.1.2:
    version "0.1.4"
    resolved "https://registry.npmjs.org/duplexer2/-/duplexer2-0.1.4.tgz"
    integrity sha1-ixLauHjA1p4+eJEFFmKjL8a93ME=
    dependencies:
      readable-stream "^2.0.2"
  
  ecc-jsbn@~0.1.1:
    version "0.1.2"
    resolved "https://registry.yarnpkg.com/ecc-jsbn/-/ecc-jsbn-0.1.2.tgz#3a83a904e54353287874c564b7549386849a98c9"
    integrity sha1-OoOpBOVDUyh4dMVkt1SThoSamMk=
    dependencies:
      jsbn "~0.1.0"
      safer-buffer "^2.1.0"
  
  elliptic@^6.5.3:
    version "6.5.3"
    resolved "https://registry.npmjs.org/elliptic/-/elliptic-6.5.3.tgz"
    integrity sha512-IMqzv5wNQf+E6aHeIqATs0tOLeOTwj1QKbRcS3jBbYkl5oLAserA8yJTT7/VyHUYG91PRmPyeQDObKLPpeS4dw==
    dependencies:
      bn.js "^4.4.0"
      brorand "^1.0.1"
      hash.js "^1.0.0"
      hmac-drbg "^1.0.0"
      inherits "^2.0.1"
      minimalistic-assert "^1.0.0"
      minimalistic-crypto-utils "^1.0.0"
  
  encoding-down@^6.3.0:
    version "6.3.0"
    resolved "https://registry.yarnpkg.com/encoding-down/-/encoding-down-6.3.0.tgz"
    integrity sha512-QKrV0iKR6MZVJV08QY0wp1e7vF6QbhnbQhb07bwpEyuz4uZiZgPlEGdkCROuFkUwdxlFaiPIhjyarH1ee/3vhw==
    dependencies:
      abstract-leveldown "^6.2.1"
      inherits "^2.0.3"
      level-codec "^9.0.0"
      level-errors "^2.0.0"
  
  end-stream@~0.1.0:
    version "0.1.0"
    resolved "https://registry.yarnpkg.com/end-stream/-/end-stream-0.1.0.tgz"
    integrity sha1-MgA/P0OKKwFDFoE3+PpumGbIHtU=
    dependencies:
      write-stream "~0.4.3"
  
  errno@~0.1.1:
    version "0.1.7"
    resolved "https://registry.yarnpkg.com/errno/-/errno-0.1.7.tgz"
    integrity sha512-MfrRBDWzIWifgq6tJj60gkAwtLNb6sQPlcFrSOflcP1aFmmruKQ2wRnze/8V6kgyz7H3FF8Npzv78mZ7XLLflg==
    dependencies:
      prr "~1.0.1"
  
  es-abstract@^1.18.0-next.1:
    version "1.18.0-next.1"
    resolved "https://registry.npmjs.org/es-abstract/-/es-abstract-1.18.0-next.1.tgz"
    integrity sha512-I4UGspA0wpZXWENrdA0uHbnhte683t3qT/1VFH9aX2dA5PPSf6QW5HHXf5HImaqPmjXaVeVk4RGWnaylmV7uAA==
    dependencies:
      es-to-primitive "^1.2.1"
      function-bind "^1.1.1"
      has "^1.0.3"
      has-symbols "^1.0.1"
      is-callable "^1.2.2"
      is-negative-zero "^2.0.0"
      is-regex "^1.1.1"
      object-inspect "^1.8.0"
      object-keys "^1.1.1"
      object.assign "^4.1.1"
      string.prototype.trimend "^1.0.1"
      string.prototype.trimstart "^1.0.1"
  
  es-to-primitive@^1.2.1:
    version "1.2.1"
    resolved "https://registry.npmjs.org/es-to-primitive/-/es-to-primitive-1.2.1.tgz"
    integrity sha512-QCOllgZJtaUo9miYBcLChTUaHNjJF3PYs1VidD7AwiEj1kYxKeQTctLAezAOH5ZKRH0g2IgPn6KwB4IT8iRpvA==
    dependencies:
      is-callable "^1.1.4"
      is-date-object "^1.0.1"
      is-symbol "^1.0.2"
  
  es3ify@^0.2.2:
    version "0.2.2"
    resolved "https://registry.yarnpkg.com/es3ify/-/es3ify-0.2.2.tgz#5dae3e650e5be3684b88066513d528d092629862"
    integrity sha1-Xa4+ZQ5b42hLiAZlE9Uo0JJimGI=
    dependencies:
      esprima "^2.7.1"
      jstransform "~11.0.0"
      through "~2.3.4"
  
  escape-string-regexp@^1.0.2:
    version "1.0.5"
    resolved "https://registry.yarnpkg.com/escape-string-regexp/-/escape-string-regexp-1.0.5.tgz#1b61c0562190a8dff6ae3bb2cf0200ca130b86d4"
    integrity sha1-G2HAViGQqN/2rjuyzwIAyhMLhtQ=
  
  esmangle-evaluator@^1.0.0:
    version "1.0.1"
    resolved "https://registry.yarnpkg.com/esmangle-evaluator/-/esmangle-evaluator-1.0.1.tgz#620d866ef4861b3311f75766d52a8572bb3c6336"
    integrity sha1-Yg2GbvSGGzMR91dm1SqFcrs8YzY=
  
  esprima-fb@^15001.1.0-dev-harmony-fb:
    version "15001.1.0-dev-harmony-fb"
    resolved "https://registry.yarnpkg.com/esprima-fb/-/esprima-fb-15001.1.0-dev-harmony-fb.tgz#30a947303c6b8d5e955bee2b99b1d233206a6901"
    integrity sha1-MKlHMDxrjV6VW+4rmbHSMyBqaQE=
  
  esprima-fb@~15001.1001.0-dev-harmony-fb:
    version "15001.1001.0-dev-harmony-fb"
    resolved "https://registry.yarnpkg.com/esprima-fb/-/esprima-fb-15001.1001.0-dev-harmony-fb.tgz#43beb57ec26e8cf237d3dd8b33e42533577f2659"
    integrity sha1-Q761fsJujPI3092LM+QlM1d/Jlk=
  
  esprima@^2.7.1:
    version "2.7.3"
    resolved "https://registry.yarnpkg.com/esprima/-/esprima-2.7.3.tgz#96e3b70d5779f6ad49cd032673d1c312767ba581"
    integrity sha1-luO3DVd59q1JzQMmc9HDEnZ7pYE=
  
  esprima@~3.1.0:
    version "3.1.3"
    resolved "https://registry.yarnpkg.com/esprima/-/esprima-3.1.3.tgz#fdca51cee6133895e3c88d535ce49dbff62a4633"
    integrity sha1-/cpRzuYTOJXjyI1TXOSdv/YqRjM=
  
  event-target-shim@^5.0.0:
    version "5.0.1"
    resolved "https://registry.yarnpkg.com/event-target-shim/-/event-target-shim-5.0.1.tgz"
    integrity sha512-i/2XbnSz/uxRCU6+NdVJgKWDTM427+MqYbkQzD321DuCQJUqOuJKIA0IM2+W2xtYHdKOmZ4dR6fExsd4SXL+WQ==
  
  events@^3.0.0:
    version "3.2.0"
    resolved "https://registry.npmjs.org/events/-/events-3.2.0.tgz"
    integrity sha512-/46HWwbfCX2xTawVfkKLGxMifJYQBWMwY1mjywRtb4c9x8l5NP3KoJtnIOiL1hfdRkIuYhETxQlo62IF8tcnlg==
  
  evp_bytestokey@^1.0.0, evp_bytestokey@^1.0.3:
    version "1.0.3"
    resolved "https://registry.npmjs.org/evp_bytestokey/-/evp_bytestokey-1.0.3.tgz"
    integrity sha512-/f2Go4TognH/KvCISP7OUsHn85hT9nUkxxA9BEWxFn+Oj9o8ZNLm/40hdlgSLyuOimsrTKLUMEorQexp/aPQeA==
    dependencies:
      md5.js "^1.3.4"
      safe-buffer "^5.1.1"
  
  extend@~3.0.0:
    version "3.0.2"
    resolved "https://registry.yarnpkg.com/extend/-/extend-3.0.2.tgz#f8b1136b4071fbd8eb140aff858b1019ec2915fa"
    integrity sha512-fjquC59cD7CyW6urNXK0FBufkZcoiGG80wTuPujX590cB5Ttln20E2UB4S/WARVqhXffZl2LNgS+gQdPIIim/g==
  
  extsprintf@1.3.0:
    version "1.3.0"
    resolved "https://registry.yarnpkg.com/extsprintf/-/extsprintf-1.3.0.tgz#96918440e3041a7a414f8c52e3c574eb3c3e1e05"
    integrity sha1-lpGEQOMEGnpBT4xS48V06zw+HgU=
  
  extsprintf@^1.2.0:
    version "1.4.0"
    resolved "https://registry.yarnpkg.com/extsprintf/-/extsprintf-1.4.0.tgz#e2689f8f356fad62cca65a3a91c5df5f9551692f"
    integrity sha1-4mifjzVvrWLMplo6kcXfX5VRaS8=
  
  falafel@^1.0.1:
    version "1.2.0"
    resolved "https://registry.yarnpkg.com/falafel/-/falafel-1.2.0.tgz#c18d24ef5091174a497f318cd24b026a25cddab4"
    integrity sha1-wY0k71CRF0pJfzGM0ksCaiXN2rQ=
    dependencies:
      acorn "^1.0.3"
      foreach "^2.0.5"
      isarray "0.0.1"
      object-keys "^1.0.6"
  
  fast-safe-stringify@^2.0.7:
    version "2.0.7"
    resolved "https://registry.npmjs.org/fast-safe-stringify/-/fast-safe-stringify-2.0.7.tgz"
    integrity sha512-Utm6CdzT+6xsDk2m8S6uL8VHxNwI6Jub+e9NYTcAms28T84pTa25GJQV9j0CY0N1rM8hK4x6grpF2BQf+2qwVA==
  
  fetch-cookie@0.10.1:
    version "0.10.1"
    resolved "https://registry.yarnpkg.com/fetch-cookie/-/fetch-cookie-0.10.1.tgz"
    integrity sha512-beB+VEd4cNeVG1PY+ee74+PkuCQnik78pgLi5Ah/7qdUfov8IctU0vLUbBT8/10Ma5GMBeI4wtxhGrEfKNYs2g==
    dependencies:
      tough-cookie "^2.3.3 || ^3.0.1 || ^4.0.0"
  
  foreach@^2.0.5:
    version "2.0.5"
    resolved "https://registry.npmjs.org/foreach/-/foreach-2.0.5.tgz"
    integrity sha1-C+4AUBiusmDQo6865ljdATbsG5k=
  
  forever-agent@~0.6.1:
    version "0.6.1"
    resolved "https://registry.yarnpkg.com/forever-agent/-/forever-agent-0.6.1.tgz#fbc71f0c41adeb37f96c577ad1ed42d8fdacca91"
    integrity sha1-+8cfDEGt6zf5bFd60e1C2P2sypE=
  
  form-data@^3.0.0:
    version "3.0.0"
    resolved "https://registry.yarnpkg.com/form-data/-/form-data-3.0.0.tgz"
    integrity sha512-CKMFDglpbMi6PyN+brwB9Q/GOw0eAnsrEZDgcsH5Krhz5Od/haKHAX0NmQfha2zPPz0JpWzA7GJHGSnvCRLWsg==
    dependencies:
      asynckit "^0.4.0"
      combined-stream "^1.0.8"
      mime-types "^2.1.12"
  
  form-data@~1.0.0-rc3:
    version "1.0.1"
    resolved "https://registry.yarnpkg.com/form-data/-/form-data-1.0.1.tgz#ae315db9a4907fa065502304a66d7733475ee37c"
    integrity sha1-rjFduaSQf6BlUCMEpm13M0de43w=
    dependencies:
      async "^2.0.1"
      combined-stream "^1.0.5"
      mime-types "^2.1.11"
  
  fs.realpath@^1.0.0:
    version "1.0.0"
    resolved "https://registry.npmjs.org/fs.realpath/-/fs.realpath-1.0.0.tgz"
    integrity sha1-FQStJSMVjKpA20onh8sBQRmU6k8=
  
  function-bind@^1.1.1:
    version "1.1.1"
    resolved "https://registry.npmjs.org/function-bind/-/function-bind-1.1.1.tgz"
    integrity sha512-yIovAzMX49sF8Yl58fSCWJ5svSLuaibPxXQJFLmBObTuCr0Mf1KiPopGM9NiFjiYBCbfaa2Fh6breQ6ANVTI0A==
  
  generate-function@^2.0.0:
    version "2.3.1"
    resolved "https://registry.yarnpkg.com/generate-function/-/generate-function-2.3.1.tgz#f069617690c10c868e73b8465746764f97c3479f"
    integrity sha512-eeB5GfMNeevm/GRYq20ShmsaGcmI81kIX2K9XQx5miC8KdHaC6Jm0qQ8ZNeGOi7wYB8OsdxKs+Y2oVuTFuVwKQ==
    dependencies:
      is-property "^1.0.2"
  
  generate-object-property@^1.1.0:
    version "1.2.0"
    resolved "https://registry.yarnpkg.com/generate-object-property/-/generate-object-property-1.2.0.tgz#9c0e1c40308ce804f4783618b937fa88f99d50d0"
    integrity sha1-nA4cQDCM6AT0eDYYuTf6iPmdUNA=
    dependencies:
      is-property "^1.0.0"
  
  get-assigned-identifiers@^1.2.0:
    version "1.2.0"
    resolved "https://registry.npmjs.org/get-assigned-identifiers/-/get-assigned-identifiers-1.2.0.tgz"
    integrity sha512-mBBwmeGTrxEMO4pMaaf/uUEFHnYtwr8FTe8Y/mer4rcV/bye0qGm6pw1bGZFGStxC5O76c5ZAVBGnqHmOaJpdQ==
  
  get-intrinsic@^1.0.0:
    version "1.0.1"
    resolved "https://registry.npmjs.org/get-intrinsic/-/get-intrinsic-1.0.1.tgz"
    integrity sha512-ZnWP+AmS1VUaLgTRy47+zKtjTxz+0xMpx3I52i+aalBK1QP19ggLF3Db89KJX7kjfOfP2eoa01qc++GwPgufPg==
    dependencies:
      function-bind "^1.1.1"
      has "^1.0.3"
      has-symbols "^1.0.1"
  
  getpass@^0.1.1:
    version "0.1.7"
    resolved "https://registry.yarnpkg.com/getpass/-/getpass-0.1.7.tgz#5eff8e3e684d569ae4cb2b1282604e8ba62149fa"
    integrity sha1-Xv+OPmhNVprkyysSgmBOi6YhSfo=
    dependencies:
      assert-plus "^1.0.0"
  
  glob@^5.0.15:
    version "5.0.15"
    resolved "https://registry.yarnpkg.com/glob/-/glob-5.0.15.tgz#1bc936b9e02f4a603fcc222ecf7633d30b8b93b1"
    integrity sha1-G8k2ueAvSmA/zCIuz3Yz0wuLk7E=
    dependencies:
      inflight "^1.0.4"
      inherits "2"
      minimatch "2 || 3"
      once "^1.3.0"
      path-is-absolute "^1.0.0"
  
  glob@^7.1.0:
    version "7.1.6"
    resolved "https://registry.npmjs.org/glob/-/glob-7.1.6.tgz"
    integrity sha512-LwaxwyZ72Lk7vZINtNNrywX0ZuLyStrdDtabefZKAY5ZGJhVtgdznluResxNmPitE0SAO+O26sWTHeKSI2wMBA==
    dependencies:
      fs.realpath "^1.0.0"
      inflight "^1.0.4"
      inherits "2"
      minimatch "^3.0.4"
      once "^1.3.0"
      path-is-absolute "^1.0.0"
  
  graceful-fs@^4.1.2:
    version "4.2.4"
    resolved "https://registry.yarnpkg.com/graceful-fs/-/graceful-fs-4.2.4.tgz#2256bde14d3632958c465ebc96dc467ca07a29fb"
    integrity sha512-WjKPNJF79dtJAVniUlGGWHYGz2jWxT6VhN/4m1NdkbZ2nOsEF+cI1Edgql5zCRhs/VsQYRvrXctxktVXZUkixw==
  
  har-validator@~2.0.6:
    version "2.0.6"
    resolved "https://registry.yarnpkg.com/har-validator/-/har-validator-2.0.6.tgz#cdcbc08188265ad119b6a5a7c8ab70eecfb5d27d"
    integrity sha1-zcvAgYgmWtEZtqWnyKtw7s+10n0=
    dependencies:
      chalk "^1.1.1"
      commander "^2.9.0"
      is-my-json-valid "^2.12.4"
      pinkie-promise "^2.0.0"
  
  has-ansi@^2.0.0:
    version "2.0.0"
    resolved "https://registry.yarnpkg.com/has-ansi/-/has-ansi-2.0.0.tgz#34f5049ce1ecdf2b0649af3ef24e45ed35416d91"
    integrity sha1-NPUEnOHs3ysGSa8+8k5F7TVBbZE=
    dependencies:
      ansi-regex "^2.0.0"
  
  has-symbols@^1.0.1:
    version "1.0.1"
    resolved "https://registry.npmjs.org/has-symbols/-/has-symbols-1.0.1.tgz"
    integrity sha512-PLcsoqu++dmEIZB+6totNFKq/7Do+Z0u4oT0zKOJNl3lYK6vGwwu2hjHs+68OEZbTjiUE9bgOABXbP/GvrS0Kg==
  
  has@^1.0.0, has@^1.0.3:
    version "1.0.3"
    resolved "https://registry.npmjs.org/has/-/has-1.0.3.tgz"
    integrity sha512-f2dvO0VU6Oej7RkWJGrehjbzMAjFp5/VKPp5tTpWIV4JHHZK1/BxbFRtf/siA2SWTe09caDmVtYYzWEIbBS4zw==
    dependencies:
      function-bind "^1.1.1"
  
  hash-base@^3.0.0:
    version "3.1.0"
    resolved "https://registry.npmjs.org/hash-base/-/hash-base-3.1.0.tgz"
    integrity sha512-1nmYp/rhMDiE7AYkDw+lLwlAzz0AntGIe51F3RfFfEqyQ3feY2eI/NcwC6umIQVOASPMsWJLJScWKSSvzL9IVA==
    dependencies:
      inherits "^2.0.4"
      readable-stream "^3.6.0"
      safe-buffer "^5.2.0"
  
  hash.js@^1.0.0, hash.js@^1.0.3:
    version "1.1.7"
    resolved "https://registry.npmjs.org/hash.js/-/hash.js-1.1.7.tgz"
    integrity sha512-taOaskGt4z4SOANNseOviYDvjEJinIkRgmp7LbKP2YTTmVxWBl87s/uzK9r+44BclBSp2X7K1hqeNfz9JbBeXA==
    dependencies:
      inherits "^2.0.3"
      minimalistic-assert "^1.0.1"
  
  hawk@~3.1.3:
    version "3.1.3"
    resolved "https://registry.yarnpkg.com/hawk/-/hawk-3.1.3.tgz#078444bd7c1640b0fe540d2c9b73d59678e8e1c4"
    integrity sha1-B4REvXwWQLD+VA0sm3PVlnjo4cQ=
    dependencies:
      boom "2.x.x"
      cryptiles "2.x.x"
      hoek "2.x.x"
      sntp "1.x.x"
  
  hmac-drbg@^1.0.0:
    version "1.0.1"
    resolved "https://registry.npmjs.org/hmac-drbg/-/hmac-drbg-1.0.1.tgz"
    integrity sha1-0nRXAQJabHdabFRXk+1QL8DGSaE=
    dependencies:
      hash.js "^1.0.3"
      minimalistic-assert "^1.0.0"
      minimalistic-crypto-utils "^1.0.1"
  
  hoek@2.x.x:
    version "2.16.3"
    resolved "https://registry.yarnpkg.com/hoek/-/hoek-2.16.3.tgz#20bb7403d3cea398e91dc4710a8ff1b8274a25ed"
    integrity sha1-ILt0A9POo5jpHcRxCo/xuCdKJe0=
  
  htmlescape@^1.1.0:
    version "1.1.1"
    resolved "https://registry.npmjs.org/htmlescape/-/htmlescape-1.1.1.tgz"
    integrity sha1-OgPtwiFLyjtmQko+eVk0lQnLA1E=
  
  http-signature@~1.1.0:
    version "1.1.1"
    resolved "https://registry.yarnpkg.com/http-signature/-/http-signature-1.1.1.tgz#df72e267066cd0ac67fb76adf8e134a8fbcf91bf"
    integrity sha1-33LiZwZs0Kxn+3at+OE0qPvPkb8=
    dependencies:
      assert-plus "^0.2.0"
      jsprim "^1.2.2"
      sshpk "^1.7.0"
  
  https-browserify@^1.0.0:
    version "1.0.0"
    resolved "https://registry.npmjs.org/https-browserify/-/https-browserify-1.0.0.tgz"
    integrity sha1-7AbBDgo0wPL68Zn3/X/Hj//QPHM=
  
  iconv-lite@^0.4.5:
    version "0.4.24"
    resolved "https://registry.yarnpkg.com/iconv-lite/-/iconv-lite-0.4.24.tgz#2022b4b25fbddc21d2f524974a474aafe733908b"
    integrity sha512-v3MXnZAcvnywkTUEZomIActle7RXXeedOR31wwl7VlyoXO4Qi9arvSenNQWne1TcRwhCL1HwLI21bEqdpj8/rA==
    dependencies:
      safer-buffer ">= 2.1.2 < 3"
  
  ieee754@^1.1.13, ieee754@^1.1.4:
    version "1.2.1"
    resolved "https://registry.yarnpkg.com/ieee754/-/ieee754-1.2.1.tgz"
    integrity sha512-dcyqhDvX1C46lXZcVqCpK+FtMRQVdIMN6/Df5js2zouUsqG7I6sFxitIC+7KYK29KdXOLHdu9zL4sFnoVQnqaA==
  
  immediate@3.3.0, immediate@^3.2.3:
    version "3.3.0"
    resolved "https://registry.yarnpkg.com/immediate/-/immediate-3.3.0.tgz"
    integrity sha512-HR7EVodfFUdQCTIeySw+WDRFJlPcLOJbXfwwZ7Oom6tjsvZ3bOkCDJHehQC3nxJrv7+f9XecwazynjU8e4Vw3Q==
  
  immediate@~3.0.5:
    version "3.0.6"
    resolved "https://registry.yarnpkg.com/immediate/-/immediate-3.0.6.tgz#9db1dbd0faf8de6fbe0f5dd5e56bb606280de69b"
    integrity sha1-nbHb0Pr43m++D13V5Wu2BigN5ps=
  
  inflight@^1.0.4:
    version "1.0.6"
    resolved "https://registry.npmjs.org/inflight/-/inflight-1.0.6.tgz"
    integrity sha1-Sb1jMdfQLQwJvJEKEHW6gWW1bfk=
    dependencies:
      once "^1.3.0"
      wrappy "1"
  
  inherits@2, inherits@2.0.4, inherits@^2.0.1, inherits@^2.0.3, inherits@^2.0.4, inherits@~2.0.1, inherits@~2.0.3, inherits@~2.0.4:
    version "2.0.4"
    resolved "https://registry.yarnpkg.com/inherits/-/inherits-2.0.4.tgz"
    integrity sha512-k/vGaX4/Yla3WzyMCvTQOXYeIHvqOKtnqBduzTHpzpQZzAskKMhZ2K+EnBiSM9zGSoIFeMpXKxa4dYeZIQqewQ==
  
  inherits@2.0.1:
    version "2.0.1"
    resolved "https://registry.npmjs.org/inherits/-/inherits-2.0.1.tgz"
    integrity sha1-sX0I0ya0Qj5Wjv9xn5GwscvfafE=
  
  inline-process-browser@^1.0.0:
    version "1.0.0"
    resolved "https://registry.yarnpkg.com/inline-process-browser/-/inline-process-browser-1.0.0.tgz#46a61b153dd3c9b1624b1a00626edb4f7f414f22"
    integrity sha1-RqYbFT3TybFiSxoAYm7bT39BTyI=
    dependencies:
      falafel "^1.0.1"
      through2 "^0.6.5"
  
  inline-source-map@~0.6.0:
    version "0.6.2"
    resolved "https://registry.npmjs.org/inline-source-map/-/inline-source-map-0.6.2.tgz"
    integrity sha1-+Tk0ccGKedFyT4Y/o4tYY3Ct4qU=
    dependencies:
      source-map "~0.5.3"
  
  insert-module-globals@^7.2.1:
    version "7.2.1"
    resolved "https://registry.npmjs.org/insert-module-globals/-/insert-module-globals-7.2.1.tgz"
    integrity sha512-ufS5Qq9RZN+Bu899eA9QCAYThY+gGW7oRkmb0vC93Vlyu/CFGcH0OYPEjVkDXA5FEbTt1+VWzdoOD3Ny9N+8tg==
    dependencies:
      JSONStream "^1.0.3"
      acorn-node "^1.5.2"
      combine-source-map "^0.8.0"
      concat-stream "^1.6.1"
      is-buffer "^1.1.0"
      path-is-absolute "^1.0.1"
      process "~0.11.0"
      through2 "^2.0.0"
      undeclared-identifiers "^1.1.2"
      xtend "^4.0.0"
  
  is-arguments@^1.0.4:
    version "1.1.0"
    resolved "https://registry.npmjs.org/is-arguments/-/is-arguments-1.1.0.tgz"
    integrity sha512-1Ij4lOMPl/xB5kBDn7I+b2ttPMKa8szhEIrXDuXQD/oe3HJLTLhqhgGspwgyGd6MOywBUqVvYicF72lkgDnIHg==
    dependencies:
      call-bind "^1.0.0"
  
  is-buffer@^1.1.0:
    version "1.1.6"
    resolved "https://registry.npmjs.org/is-buffer/-/is-buffer-1.1.6.tgz"
    integrity sha512-NcdALwpXkTm5Zvvbk7owOUSvVvBKDgKP5/ewfXEznmQFfs4ZRmanOeKBTjRVjka3QFoN6XJ+9F3USqfHqTaU5w==
  
  is-callable@^1.1.4, is-callable@^1.2.2:
    version "1.2.2"
    resolved "https://registry.npmjs.org/is-callable/-/is-callable-1.2.2.tgz"
    integrity sha512-dnMqspv5nU3LoewK2N/y7KLtxtakvTuaCsU9FU50/QDmdbHNy/4/JuRtMHqRU22o3q+W89YQndQEeCVwK+3qrA==
  
  is-core-module@^2.1.0:
    version "2.2.0"
    resolved "https://registry.npmjs.org/is-core-module/-/is-core-module-2.2.0.tgz"
    integrity sha512-XRAfAdyyY5F5cOXn7hYQDqh2Xmii+DEfIcQGxK/uNwMHhIkPWO0g8msXcbzLe+MpGoR951MlqM/2iIlU4vKDdQ==
    dependencies:
      has "^1.0.3"
  
  is-date-object@^1.0.1:
    version "1.0.2"
    resolved "https://registry.npmjs.org/is-date-object/-/is-date-object-1.0.2.tgz"
    integrity sha512-USlDT524woQ08aoZFzh3/Z6ch9Y/EWXEHQ/AaRN0SkKq4t2Jw2R2339tSXmwuVoY7LLlBCbOIlx2myP/L5zk0g==
  
  is-generator-function@^1.0.7:
    version "1.0.8"
    resolved "https://registry.npmjs.org/is-generator-function/-/is-generator-function-1.0.8.tgz"
    integrity sha512-2Omr/twNtufVZFr1GhxjOMFPAj2sjc/dKaIqBhvo4qciXfJmITGH6ZGd8eZYNHza8t1y0e01AuqRhJwfWp26WQ==
  
  is-my-ip-valid@^1.0.0:
    version "1.0.0"
    resolved "https://registry.yarnpkg.com/is-my-ip-valid/-/is-my-ip-valid-1.0.0.tgz#7b351b8e8edd4d3995d4d066680e664d94696824"
    integrity sha512-gmh/eWXROncUzRnIa1Ubrt5b8ep/MGSnfAUI3aRp+sqTCs1tv1Isl8d8F6JmkN3dXKc3ehZMrtiPN9eL03NuaQ==
  
  is-my-json-valid@^2.12.4:
    version "2.20.5"
    resolved "https://registry.yarnpkg.com/is-my-json-valid/-/is-my-json-valid-2.20.5.tgz#5eca6a8232a687f68869b7361be1612e7512e5df"
    integrity sha512-VTPuvvGQtxvCeghwspQu1rBgjYUT6FGxPlvFKbYuFtgc4ADsX3U5ihZOYN0qyU6u+d4X9xXb0IT5O6QpXKt87A==
    dependencies:
      generate-function "^2.0.0"
      generate-object-property "^1.1.0"
      is-my-ip-valid "^1.0.0"
      jsonpointer "^4.0.0"
      xtend "^4.0.0"
  
  is-negative-zero@^2.0.0:
    version "2.0.1"
    resolved "https://registry.npmjs.org/is-negative-zero/-/is-negative-zero-2.0.1.tgz"
    integrity sha512-2z6JzQvZRa9A2Y7xC6dQQm4FSTSTNWjKIYYTt4246eMTJmIo0Q+ZyOsU66X8lxK1AbB92dFeglPLrhwpeRKO6w==
  
  is-property@^1.0.0, is-property@^1.0.2:
    version "1.0.2"
    resolved "https://registry.yarnpkg.com/is-property/-/is-property-1.0.2.tgz#57fe1c4e48474edd65b09911f26b1cd4095dda84"
    integrity sha1-V/4cTkhHTt1lsJkR8msc1Ald2oQ=
  
  is-regex@^1.1.1:
    version "1.1.1"
    resolved "https://registry.npmjs.org/is-regex/-/is-regex-1.1.1.tgz"
    integrity sha512-1+QkEcxiLlB7VEyFtyBg94e08OAsvq7FUBgApTq/w2ymCLyKJgDPsybBENVtA7XCQEgEXxKPonG+mvYRxh/LIg==
    dependencies:
      has-symbols "^1.0.1"
  
  is-symbol@^1.0.2:
    version "1.0.3"
    resolved "https://registry.npmjs.org/is-symbol/-/is-symbol-1.0.3.tgz"
    integrity sha512-OwijhaRSgqvhm/0ZdAcXNZt9lYdKFpcRDT5ULUuYXPoT794UNOdU+gpT6Rzo7b4V2HUl/op6GqY894AZwv9faQ==
    dependencies:
      has-symbols "^1.0.1"
  
  is-typed-array@^1.1.3:
    version "1.1.4"
    resolved "https://registry.npmjs.org/is-typed-array/-/is-typed-array-1.1.4.tgz"
    integrity sha512-ILaRgn4zaSrVNXNGtON6iFNotXW3hAPF3+0fB1usg2jFlWqo5fEDdmJkz0zBfoi7Dgskr8Khi2xZ8cXqZEfXNA==
    dependencies:
      available-typed-arrays "^1.0.2"
      call-bind "^1.0.0"
      es-abstract "^1.18.0-next.1"
      foreach "^2.0.5"
      has-symbols "^1.0.1"
  
  is-typedarray@~1.0.0:
    version "1.0.0"
    resolved "https://registry.yarnpkg.com/is-typedarray/-/is-typedarray-1.0.0.tgz#e479c80858df0c1b11ddda6940f96011fcda4a9a"
    integrity sha1-5HnICFjfDBsR3dppQPlgEfzaSpo=
  
  isarray@0.0.1:
    version "0.0.1"
    resolved "https://registry.yarnpkg.com/isarray/-/isarray-0.0.1.tgz"
    integrity sha1-ihis/Kmo9Bd+Cav8YDiTmwXR7t8=
  
  isarray@~1.0.0:
    version "1.0.0"
    resolved "https://registry.npmjs.org/isarray/-/isarray-1.0.0.tgz"
    integrity sha1-u5NdSFgsuhaMBoNJV6VKPgcSTxE=
  
  isstream@~0.1.2:
    version "0.1.2"
    resolved "https://registry.yarnpkg.com/isstream/-/isstream-0.1.2.tgz#47e63f7af55afa6f92e1500e690eb8b8529c099a"
    integrity sha1-R+Y/evVa+m+S4VAOaQ64uFKcCZo=
  
  js-extend@1.0.1:
    version "1.0.1"
    resolved "https://registry.yarnpkg.com/js-extend/-/js-extend-1.0.1.tgz#50551ab1ac71d4bb302e4040ebbe59033ba2b1f7"
    integrity sha1-UFUasaxx1LswLkBA675ZAzuisfc=
  
  jsbn@~0.1.0:
    version "0.1.1"
    resolved "https://registry.yarnpkg.com/jsbn/-/jsbn-0.1.1.tgz#a5e654c2e5a2deb5f201d96cefbca80c0ef2f513"
    integrity sha1-peZUwuWi3rXyAdls77yoDA7y9RM=
  
  json-schema@0.2.3:
    version "0.2.3"
    resolved "https://registry.yarnpkg.com/json-schema/-/json-schema-0.2.3.tgz#b480c892e59a2f05954ce727bd3f2a4e882f9e13"
    integrity sha1-tIDIkuWaLwWVTOcnvT8qTogvnhM=
  
  json-stringify-safe@~5.0.1:
    version "5.0.1"
    resolved "https://registry.yarnpkg.com/json-stringify-safe/-/json-stringify-safe-5.0.1.tgz#1296a2d58fd45f19a0f6ce01d65701e2c735b6eb"
    integrity sha1-Epai1Y/UXxmg9s4B1lcB4sc1tus=
  
  jsonparse@^1.2.0:
    version "1.3.1"
    resolved "https://registry.npmjs.org/jsonparse/-/jsonparse-1.3.1.tgz"
    integrity sha1-P02uSpH6wxX3EGL4UhzCOfE2YoA=
  
  jsonpointer@^4.0.0:
    version "4.1.0"
    resolved "https://registry.yarnpkg.com/jsonpointer/-/jsonpointer-4.1.0.tgz#501fb89986a2389765ba09e6053299ceb4f2c2cc"
    integrity sha512-CXcRvMyTlnR53xMcKnuMzfCA5i/nfblTnnr74CZb6C4vG39eu6w51t7nKmU5MfLfbTgGItliNyjO/ciNPDqClg==
  
  jsprim@^1.2.2:
    version "1.4.1"
    resolved "https://registry.yarnpkg.com/jsprim/-/jsprim-1.4.1.tgz#313e66bc1e5cc06e438bc1b7499c2e5c56acb6a2"
    integrity sha1-MT5mvB5cwG5Di8G3SZwuXFastqI=
    dependencies:
      assert-plus "1.0.0"
      extsprintf "1.3.0"
      json-schema "0.2.3"
      verror "1.10.0"
  
  jstransform@~11.0.0:
    version "11.0.3"
    resolved "https://registry.yarnpkg.com/jstransform/-/jstransform-11.0.3.tgz#09a78993e0ae4d4ef4487f6155a91f6190cb4223"
    integrity sha1-CaeJk+CuTU70SH9hVakfYZDLQiM=
    dependencies:
      base62 "^1.1.0"
      commoner "^0.10.1"
      esprima-fb "^15001.1.0-dev-harmony-fb"
      object-assign "^2.0.0"
      source-map "^0.4.2"
  
  labeled-stream-splicer@^2.0.0:
    version "2.0.2"
    resolved "https://registry.npmjs.org/labeled-stream-splicer/-/labeled-stream-splicer-2.0.2.tgz"
    integrity sha512-Ca4LSXFFZUjPScRaqOcFxneA0VpKZr4MMYCljyQr4LIewTLb3Y0IUTIsnBBsVubIeEfxeSZpSjSsRM8APEQaAw==
    dependencies:
      inherits "^2.0.1"
      stream-splicer "^2.0.0"
  
  level-codec@9.0.2, level-codec@^9.0.0:
    version "9.0.2"
    resolved "https://registry.yarnpkg.com/level-codec/-/level-codec-9.0.2.tgz"
    integrity sha512-UyIwNb1lJBChJnGfjmO0OR+ezh2iVu1Kas3nvBS/BzGnx79dv6g7unpKIDNPMhfdTEGoc7mC8uAu51XEtX+FHQ==
    dependencies:
      buffer "^5.6.0"
  
  level-concat-iterator@~2.0.0:
    version "2.0.1"
    resolved "https://registry.yarnpkg.com/level-concat-iterator/-/level-concat-iterator-2.0.1.tgz"
    integrity sha512-OTKKOqeav2QWcERMJR7IS9CUo1sHnke2C0gkSmcR7QuEtFNLLzHQAvnMw8ykvEcv0Qtkg0p7FOwP1v9e5Smdcw==
  
  level-errors@^2.0.0, level-errors@~2.0.0:
    version "2.0.1"
    resolved "https://registry.yarnpkg.com/level-errors/-/level-errors-2.0.1.tgz"
    integrity sha512-UVprBJXite4gPS+3VznfgDSU8PTRuVX0NXwoWW50KLxd2yw4Y1t2JUR5In1itQnudZqRMT9DlAM3Q//9NCjCFw==
    dependencies:
      errno "~0.1.1"
  
  level-iterator-stream@~4.0.0:
    version "4.0.2"
    resolved "https://registry.yarnpkg.com/level-iterator-stream/-/level-iterator-stream-4.0.2.tgz"
    integrity sha512-ZSthfEqzGSOMWoUGhTXdX9jv26d32XJuHz/5YnuHZzH6wldfWMOVwI9TBtKcya4BKTyTt3XVA0A3cF3q5CY30Q==
    dependencies:
      inherits "^2.0.4"
      readable-stream "^3.4.0"
      xtend "^4.0.2"
  
  level-js@^5.0.0:
    version "5.0.2"
    resolved "https://registry.yarnpkg.com/level-js/-/level-js-5.0.2.tgz"
    integrity sha512-SnBIDo2pdO5VXh02ZmtAyPP6/+6YTJg2ibLtl9C34pWvmtMEmRTWpra+qO/hifkUtBTOtfx6S9vLDjBsBK4gRg==
    dependencies:
      abstract-leveldown "~6.2.3"
      buffer "^5.5.0"
      inherits "^2.0.3"
      ltgt "^2.1.2"
  
  level-packager@^5.1.0:
    version "5.1.1"
    resolved "https://registry.yarnpkg.com/level-packager/-/level-packager-5.1.1.tgz"
    integrity sha512-HMwMaQPlTC1IlcwT3+swhqf/NUO+ZhXVz6TY1zZIIZlIR0YSn8GtAAWmIvKjNY16ZkEg/JcpAuQskxsXqC0yOQ==
    dependencies:
      encoding-down "^6.3.0"
      levelup "^4.3.2"
  
  level-supports@~1.0.0:
    version "1.0.1"
    resolved "https://registry.yarnpkg.com/level-supports/-/level-supports-1.0.1.tgz"
    integrity sha512-rXM7GYnW8gsl1vedTJIbzOrRv85c/2uCMpiiCzO2fndd06U/kUXEEU9evYn4zFggBOg36IsBW8LzqIpETwwQzg==
    dependencies:
      xtend "^4.0.2"
  
  level-write-stream@1.0.0:
    version "1.0.0"
    resolved "https://registry.yarnpkg.com/level-write-stream/-/level-write-stream-1.0.0.tgz"
    integrity sha1-P3+7Z5pVE3wP6zA97nZuEu4Twdw=
    dependencies:
      end-stream "~0.1.0"
  
  level@6.0.1:
    version "6.0.1"
    resolved "https://registry.yarnpkg.com/level/-/level-6.0.1.tgz"
    integrity sha512-psRSqJZCsC/irNhfHzrVZbmPYXDcEYhA5TVNwr+V92jF44rbf86hqGp8fiT702FyiArScYIlPSBTDUASCVNSpw==
    dependencies:
      level-js "^5.0.0"
      level-packager "^5.1.0"
      leveldown "^5.4.0"
  
  leveldown@5.6.0, leveldown@^5.4.0:
    version "5.6.0"
    resolved "https://registry.yarnpkg.com/leveldown/-/leveldown-5.6.0.tgz"
    integrity sha512-iB8O/7Db9lPaITU1aA2txU/cBEXAt4vWwKQRrrWuS6XDgbP4QZGj9BL2aNbwb002atoQ/lIotJkfyzz+ygQnUQ==
    dependencies:
      abstract-leveldown "~6.2.1"
      napi-macros "~2.0.0"
      node-gyp-build "~4.1.0"
  
  levelup@4.4.0, levelup@^4.3.2:
    version "4.4.0"
    resolved "https://registry.yarnpkg.com/levelup/-/levelup-4.4.0.tgz"
    integrity sha512-94++VFO3qN95cM/d6eBXvd894oJE0w3cInq9USsyQzzoJxmiYzPAocNcuGCPGGjoXqDVJcr3C1jzt1TSjyaiLQ==
    dependencies:
      deferred-leveldown "~5.3.0"
      level-errors "~2.0.0"
      level-iterator-stream "~4.0.0"
      level-supports "~1.0.0"
      xtend "~4.0.0"
  
  lie@3.0.4:
    version "3.0.4"
    resolved "https://registry.yarnpkg.com/lie/-/lie-3.0.4.tgz#bc7ae1ebe7f1c8de39afdcd4f789076b47b0f634"
    integrity sha1-vHrh6+fxyN45r9zU94kHa0ew9jQ=
    dependencies:
      es3ify "^0.2.2"
      immediate "~3.0.5"
      inline-process-browser "^1.0.0"
      unreachable-branch-transform "^0.3.0"
  
  lodash.memoize@~3.0.3:
    version "3.0.4"
    resolved "https://registry.npmjs.org/lodash.memoize/-/lodash.memoize-3.0.4.tgz"
    integrity sha1-LcvSwofLwKVcxCMovQxzYVDVPj8=
  
  lodash@^4.17.14:
    version "4.17.20"
    resolved "https://registry.yarnpkg.com/lodash/-/lodash-4.17.20.tgz#b44a9b6297bcb698f1c51a3545a2b3b368d59c52"
    integrity sha512-PlhdFcillOINfeV7Ni6oF1TAEayyZBoZ8bcshTHqOYJYlrqzRK5hagpagky5o4HfCzzd1TRkXPMFq6cKk9rGmA==
  
  ltgt@2.2.1, ltgt@^2.1.2:
    version "2.2.1"
    resolved "https://registry.yarnpkg.com/ltgt/-/ltgt-2.2.1.tgz"
    integrity sha1-81ypHEk/e3PaDgdJUwTxezH4fuU=
  
  md5.js@^1.3.4:
    version "1.3.5"
    resolved "https://registry.npmjs.org/md5.js/-/md5.js-1.3.5.tgz"
    integrity sha512-xitP+WxNPcTTOgnTJcrhM0xvdPepipPSf3I8EIpGKeFLjt3PlJLIDG3u8EX53ZIubkb+5U2+3rELYpEhHhzdkg==
    dependencies:
      hash-base "^3.0.0"
      inherits "^2.0.1"
      safe-buffer "^5.1.2"
  
  miller-rabin@^4.0.0:
    version "4.0.1"
    resolved "https://registry.npmjs.org/miller-rabin/-/miller-rabin-4.0.1.tgz"
    integrity sha512-115fLhvZVqWwHPbClyntxEVfVDfl9DLLTuJvq3g2O/Oxi8AiNouAHvDSzHS0viUJc+V5vm3eq91Xwqn9dp4jRA==
    dependencies:
      bn.js "^4.0.0"
      brorand "^1.0.1"
  
  mime-db@1.44.0:
    version "1.44.0"
    resolved "https://registry.yarnpkg.com/mime-db/-/mime-db-1.44.0.tgz"
    integrity sha512-/NOTfLrsPBVeH7YtFPgsVWveuL+4SjjYxaQ1xtM1KMFj7HdxlBlxeyNLzhyJVx7r4rZGJAZ/6lkKCitSc/Nmpg==
  
  mime-types@^2.1.11, mime-types@^2.1.12, mime-types@~2.1.7:
    version "2.1.27"
    resolved "https://registry.yarnpkg.com/mime-types/-/mime-types-2.1.27.tgz"
    integrity sha512-JIhqnCasI9yD+SsmkquHBxTSEuZdQX5BuQnS2Vc7puQQQ+8yiP5AY5uWhpdv4YL4VM5c6iliiYWPgJ/nJQLp7w==
    dependencies:
      mime-db "1.44.0"
  
  minimalistic-assert@^1.0.0, minimalistic-assert@^1.0.1:
    version "1.0.1"
    resolved "https://registry.npmjs.org/minimalistic-assert/-/minimalistic-assert-1.0.1.tgz"
    integrity sha512-UtJcAD4yEaGtjPezWuO9wC4nwUnVH/8/Im3yEHQP4b67cXlD/Qr9hdITCU1xDbSEXg2XKNaP8jsReV7vQd00/A==
  
  minimalistic-crypto-utils@^1.0.0, minimalistic-crypto-utils@^1.0.1:
    version "1.0.1"
    resolved "https://registry.npmjs.org/minimalistic-crypto-utils/-/minimalistic-crypto-utils-1.0.1.tgz"
    integrity sha1-9sAMHAsIIkblxNmd+4x8CDsrWCo=
  
  "minimatch@2 || 3", minimatch@^3.0.4:
    version "3.0.4"
    resolved "https://registry.npmjs.org/minimatch/-/minimatch-3.0.4.tgz"
    integrity sha512-yJHVQEhyqPLUTgt9B83PXu6W3rx4MvvHvSUvToogpwoGDOUQ+yDrR0HRot+yOCdCO7u4hX3pWft6kWBBcqh0UA==
    dependencies:
      brace-expansion "^1.1.7"
  
  minimist@^1.1.0, minimist@^1.1.1, minimist@^1.2.5:
    version "1.2.5"
    resolved "https://registry.npmjs.org/minimist/-/minimist-1.2.5.tgz"
    integrity sha512-FM9nNUYrRBAELZQT3xeZQ7fmMOBg6nWNmJKTcgsJeaLstP/UODVpGsr5OhXhhXg6f+qtJ8uiZ+PUxkDWcgIXLw==
  
  mkdirp-classic@^0.5.2:
    version "0.5.3"
    resolved "https://registry.npmjs.org/mkdirp-classic/-/mkdirp-classic-0.5.3.tgz"
    integrity sha512-gKLcREMhtuZRwRAfqP3RFW+TK4JqApVBtOIftVgjuABpAtpxhPGaDcfvbhNvD0B8iD1oUr/txX35NjcaY6Ns/A==
  
  mkdirp@^0.5.0:
    version "0.5.5"
    resolved "https://registry.yarnpkg.com/mkdirp/-/mkdirp-0.5.5.tgz#d91cefd62d1436ca0f41620e251288d420099def"
    integrity sha512-NKmAlESf6jMGym1++R0Ra7wvhV+wFW63FaSOFPwRahvea0gMUcGUhVeAg/0BC0wiv9ih5NYPB1Wn1UEI1/L+xQ==
    dependencies:
      minimist "^1.2.5"
  
  module-deps@^6.2.3:
    version "6.2.3"
    resolved "https://registry.npmjs.org/module-deps/-/module-deps-6.2.3.tgz"
    integrity sha512-fg7OZaQBcL4/L+AK5f4iVqf9OMbCclXfy/znXRxTVhJSeW5AIlS9AwheYwDaXM3lVW7OBeaeUEY3gbaC6cLlSA==
    dependencies:
      JSONStream "^1.0.3"
      browser-resolve "^2.0.0"
      cached-path-relative "^1.0.2"
      concat-stream "~1.6.0"
      defined "^1.0.0"
      detective "^5.2.0"
      duplexer2 "^0.1.2"
      inherits "^2.0.1"
      parents "^1.0.0"
      readable-stream "^2.0.2"
      resolve "^1.4.0"
      stream-combiner2 "^1.1.1"
      subarg "^1.0.0"
      through2 "^2.0.0"
      xtend "^4.0.0"
  
  ms@0.7.1:
    version "0.7.1"
    resolved "https://registry.yarnpkg.com/ms/-/ms-0.7.1.tgz#9cd13c03adbff25b65effde7ce864ee952017098"
    integrity sha1-nNE8A62/8ltl7/3nzoZO6VIBcJg=
  
  napi-macros@~2.0.0:
    version "2.0.0"
    resolved "https://registry.yarnpkg.com/napi-macros/-/napi-macros-2.0.0.tgz"
    integrity sha512-A0xLykHtARfueITVDernsAWdtIMbOJgKgcluwENp3AlsKN/PloyO10HtmoqnFAQAcxPkgZN7wdfPfEd0zNGxbg==
  
  node-fetch@2.6.0:
    version "2.6.0"
    resolved "https://registry.yarnpkg.com/node-fetch/-/node-fetch-2.6.0.tgz"
    integrity sha512-8dG4H5ujfvFiqDmVu9fQ5bOHUC15JMjMY/Zumv26oOvvVJjM67KF8koCWIabKQ1GJIa9r2mMZscBq/TbdOcmNA==
  
  node-gyp-build@~4.1.0:
    version "4.1.1"
    resolved "https://registry.yarnpkg.com/node-gyp-build/-/node-gyp-build-4.1.1.tgz"
    integrity sha512-dSq1xmcPDKPZ2EED2S6zw/b9NKsqzXRE6dVr8TVQnI3FJOTteUMuqF3Qqs6LZg+mLGYJWqQzMbIjMtJqTv87nQ==
  
  node-uuid@~1.4.7:
    version "1.4.8"
    resolved "https://registry.yarnpkg.com/node-uuid/-/node-uuid-1.4.8.tgz#b040eb0923968afabf8d32fb1f17f1167fdab907"
    integrity sha1-sEDrCSOWivq/jTL7HxfxFn/auQc=
  
  oauth-sign@~0.8.1:
    version "0.8.2"
    resolved "https://registry.yarnpkg.com/oauth-sign/-/oauth-sign-0.8.2.tgz#46a6ab7f0aead8deae9ec0565780b7d4efeb9d43"
    integrity sha1-Rqarfwrq2N6unsBWV4C31O/rnUM=
  
  object-assign@^2.0.0:
    version "2.1.1"
    resolved "https://registry.yarnpkg.com/object-assign/-/object-assign-2.1.1.tgz#43c36e5d569ff8e4816c4efa8be02d26967c18aa"
    integrity sha1-Q8NuXVaf+OSBbE76i+AtJpZ8GKo=
  
  object-assign@^4.1.1:
    version "4.1.1"
    resolved "https://registry.npmjs.org/object-assign/-/object-assign-4.1.1.tgz"
    integrity sha1-IQmtx5ZYh8/AXLvUQsrIv7s2CGM=
  
  object-inspect@^1.8.0:
    version "1.9.0"
    resolved "https://registry.npmjs.org/object-inspect/-/object-inspect-1.9.0.tgz"
    integrity sha512-i3Bp9iTqwhaLZBxGkRfo5ZbE07BQRT7MGu8+nNgwW9ItGp1TzCTw2DLEoWwjClxBjOFI/hWljTAmYGCEwmtnOw==
  
  object-keys@^1.0.12, object-keys@^1.0.6, object-keys@^1.1.1:
    version "1.1.1"
    resolved "https://registry.npmjs.org/object-keys/-/object-keys-1.1.1.tgz"
    integrity sha512-NuAESUOUMrlIXOfHKzD6bpPu3tYt3xvjNdRIQ+FeT0lNb4K8WR70CaDxhuNguS2XG+GjkyMwOzsN5ZktImfhLA==
  
  object.assign@^4.1.1:
    version "4.1.2"
    resolved "https://registry.npmjs.org/object.assign/-/object.assign-4.1.2.tgz"
    integrity sha512-ixT2L5THXsApyiUPYKmW+2EHpXXe5Ii3M+f4e+aJFAHao5amFRW6J0OO6c/LU8Be47utCx2GL89hxGB6XSmKuQ==
    dependencies:
      call-bind "^1.0.0"
      define-properties "^1.1.3"
      has-symbols "^1.0.1"
      object-keys "^1.1.1"
  
  once@^1.3.0:
    version "1.4.0"
    resolved "https://registry.npmjs.org/once/-/once-1.4.0.tgz"
    integrity sha1-WDsap3WWHUsROsF9nFC6753Xa9E=
    dependencies:
      wrappy "1"
  
  os-browserify@~0.3.0:
    version "0.3.0"
    resolved "https://registry.npmjs.org/os-browserify/-/os-browserify-0.3.0.tgz"
    integrity sha1-hUNzx/XCMVkU/Jv8a9gjj92h7Cc=
  
  pako@~1.0.5:
    version "1.0.11"
    resolved "https://registry.npmjs.org/pako/-/pako-1.0.11.tgz"
    integrity sha512-4hLB8Py4zZce5s4yd9XzopqwVv/yGNhV1Bl8NTmCq1763HeK2+EwVTv+leGeL13Dnh2wfbqowVPXCIO0z4taYw==
  
  parents@^1.0.0, parents@^1.0.1:
    version "1.0.1"
    resolved "https://registry.npmjs.org/parents/-/parents-1.0.1.tgz"
    integrity sha1-/t1NK/GTp3dF/nHjcdc8MwfZx1E=
    dependencies:
      path-platform "~0.11.15"
  
  parse-asn1@^5.0.0, parse-asn1@^5.1.5:
    version "5.1.6"
    resolved "https://registry.npmjs.org/parse-asn1/-/parse-asn1-5.1.6.tgz"
    integrity sha512-RnZRo1EPU6JBnra2vGHj0yhp6ebyjBZpmUCLHWiFhxlzvBCCpAuZ7elsBp1PVAbQN0/04VD/19rfzlBSwLstMw==
    dependencies:
      asn1.js "^5.2.0"
      browserify-aes "^1.0.0"
      evp_bytestokey "^1.0.0"
      pbkdf2 "^3.0.3"
      safe-buffer "^5.1.1"
  
  path-browserify@^1.0.0:
    version "1.0.1"
    resolved "https://registry.npmjs.org/path-browserify/-/path-browserify-1.0.1.tgz"
    integrity sha512-b7uo2UCUOYZcnF/3ID0lulOJi/bafxa1xPe7ZPsammBSpjSWQkjNxlt635YGS2MiR9GjvuXCtz2emr3jbsz98g==
  
  path-is-absolute@^1.0.0, path-is-absolute@^1.0.1:
    version "1.0.1"
    resolved "https://registry.npmjs.org/path-is-absolute/-/path-is-absolute-1.0.1.tgz"
    integrity sha1-F0uSaHNVNP+8es5r9TpanhtcX18=
  
  path-parse@^1.0.6:
    version "1.0.6"
    resolved "https://registry.npmjs.org/path-parse/-/path-parse-1.0.6.tgz"
    integrity sha512-GSmOT2EbHrINBf9SR7CDELwlJ8AENk3Qn7OikK4nFYAu3Ote2+JYNVvkpAEQm3/TLNEJFD/xZJjzyxg3KBWOzw==
  
  path-platform@~0.11.15:
    version "0.11.15"
    resolved "https://registry.npmjs.org/path-platform/-/path-platform-0.11.15.tgz"
    integrity sha1-6GQhf3TDaFDwhSt43Hv31KVyG/I=
  
  pbkdf2@^3.0.3:
    version "3.1.1"
    resolved "https://registry.npmjs.org/pbkdf2/-/pbkdf2-3.1.1.tgz"
    integrity sha512-4Ejy1OPxi9f2tt1rRV7Go7zmfDQ+ZectEQz3VGUQhgq62HtIRPDyG/JtnwIxs6x3uNMwo2V7q1fMvKjb+Tnpqg==
    dependencies:
      create-hash "^1.1.2"
      create-hmac "^1.1.4"
      ripemd160 "^2.0.1"
      safe-buffer "^5.0.1"
      sha.js "^2.4.8"
  
  pinkie-promise@^2.0.0:
    version "2.0.1"
    resolved "https://registry.yarnpkg.com/pinkie-promise/-/pinkie-promise-2.0.1.tgz#2135d6dfa7a358c069ac9b178776288228450ffa"
    integrity sha1-ITXW36ejWMBprJsXh3YogihFD/o=
    dependencies:
      pinkie "^2.0.0"
  
  pinkie@^2.0.0:
    version "2.0.4"
    resolved "https://registry.yarnpkg.com/pinkie/-/pinkie-2.0.4.tgz#72556b80cfa0d48a974e80e77248e80ed4f7f870"
    integrity sha1-clVrgM+g1IqXToDnckjoDtT3+HA=
  
  pouchdb-ajax@5.4.5:
    version "5.4.5"
    resolved "https://registry.yarnpkg.com/pouchdb-ajax/-/pouchdb-ajax-5.4.5.tgz#4091bc83a44706ef6537ba62ce3b39ca58c76d8e"
    integrity sha1-QJG8g6RHBu9lN7pizjs5yljHbY4=
    dependencies:
      js-extend "1.0.1"
      pouchdb-binary-utils "5.4.5"
      pouchdb-errors "5.4.5"
      pouchdb-promise "5.4.5"
      pouchdb-utils "5.4.5"
      request "2.72.0"
  
  pouchdb-binary-utils@5.4.5:
    version "5.4.5"
    resolved "https://registry.yarnpkg.com/pouchdb-binary-utils/-/pouchdb-binary-utils-5.4.5.tgz#5e88cfd6d701230d40bb60eca48d9b51a0f0c4f1"
    integrity sha1-XojP1tcBIw1Au2DspI2bUaDwxPE=
  
  pouchdb-checkpointer@5.4.5:
    version "5.4.5"
    resolved "https://registry.yarnpkg.com/pouchdb-checkpointer/-/pouchdb-checkpointer-5.4.5.tgz#55a28eb4530c9a92e57c5138eaf5d22352d71a50"
    integrity sha1-VaKOtFMMmpLlfFE46vXSI1LXGlA=
    dependencies:
      pouchdb-collate "1.2.0"
      pouchdb-promise "5.4.5"
      pouchdb-utils "5.4.5"
  
  pouchdb-collate@1.2.0:
    version "1.2.0"
    resolved "https://registry.yarnpkg.com/pouchdb-collate/-/pouchdb-collate-1.2.0.tgz#cae3b830fca124b7f97d23046e4faa311ec3828c"
    integrity sha1-yuO4MPyhJLf5fSMEbk+qMR7Dgow=
  
  pouchdb-collections@1.0.1:
    version "1.0.1"
    resolved "https://registry.yarnpkg.com/pouchdb-collections/-/pouchdb-collections-1.0.1.tgz#fe63a17da977611abef7cb8026cb1a9553fd8359"
    integrity sha1-/mOhfal3YRq+98uAJssalVP9g1k=
  
  pouchdb-errors@5.4.5:
    version "5.4.5"
    resolved "https://registry.yarnpkg.com/pouchdb-errors/-/pouchdb-errors-5.4.5.tgz#a8ab530be32f26e865d755cb61df2efc99c72b34"
    integrity sha1-qKtTC+MvJuhl11XLYd8u/JnHKzQ=
    dependencies:
      inherits "2.0.1"
      lie "3.0.4"
  
  pouchdb-extend@^0.1.2:
    version "0.1.2"
    resolved "https://registry.yarnpkg.com/pouchdb-extend/-/pouchdb-extend-0.1.2.tgz#d1ce511bf704ed2e29f7bf428a416acfffa124b8"
    integrity sha1-0c5RG/cE7S4p979CikFqz/+hJLg=
  
  pouchdb-generate-replication-id@5.4.5:
    version "5.4.5"
    resolved "https://registry.yarnpkg.com/pouchdb-generate-replication-id/-/pouchdb-generate-replication-id-5.4.5.tgz#83aab80b2fba605a4f20d791d26ccbec588f26ab"
    integrity sha1-g6q4Cy+6YFpPINeR0mzL7FiPJqs=
    dependencies:
      pouchdb-collate "1.2.0"
      pouchdb-md5 "5.4.5"
      pouchdb-promise "5.4.5"
  
  pouchdb-load@^1.4.6:
    version "1.4.6"
    resolved "https://registry.yarnpkg.com/pouchdb-load/-/pouchdb-load-1.4.6.tgz#8f30f2a1bdc88f628b412be6d07125adedca20f3"
    integrity sha1-jzDyob3Ij2KLQSvm0HElre3KIPM=
    dependencies:
      argsarray "0.0.1"
      inherits "~2.0.1"
      pouchdb-ajax "5.4.5"
      pouchdb-checkpointer "5.4.5"
      pouchdb-extend "^0.1.2"
      pouchdb-generate-replication-id "5.4.5"
      pouchdb-promise "5.4.5"
  
  pouchdb-md5@5.4.5:
    version "5.4.5"
    resolved "https://registry.yarnpkg.com/pouchdb-md5/-/pouchdb-md5-5.4.5.tgz#04f7a1dede9607ceb60313db7b654bff523878ef"
    integrity sha1-BPeh3t6WB862AxPbe2VL/1I4eO8=
    dependencies:
      pouchdb-binary-utils "5.4.5"
      pouchdb-collections "1.0.1"
      pouchdb-errors "5.4.5"
      pouchdb-promise "5.4.5"
      pouchdb-utils "5.4.5"
      spark-md5 "2.0.2"
  
  pouchdb-promise@5.4.5:
    version "5.4.5"
    resolved "https://registry.yarnpkg.com/pouchdb-promise/-/pouchdb-promise-5.4.5.tgz#5c2a69759141eb73be1e172e522fd84da2e0752e"
    integrity sha1-XCppdZFB63O+HhcuUi/YTaLgdS4=
    dependencies:
      lie "3.0.4"
  
  pouchdb-utils@5.4.5:
    version "5.4.5"
    resolved "https://registry.yarnpkg.com/pouchdb-utils/-/pouchdb-utils-5.4.5.tgz#9491b87a65873fc9b0ce0e05bd1647050bcc036a"
    integrity sha1-lJG4emWHP8mwzg4FvRZHBQvMA2o=
    dependencies:
      argsarray "0.0.1"
      debug "2.2.0"
      inherits "2.0.1"
      pouchdb-binary-utils "5.4.5"
      pouchdb-collections "1.0.1"
      pouchdb-errors "5.4.5"
      pouchdb-md5 "5.4.5"
      pouchdb-promise "5.4.5"
  
  pouchdb@^7.2.2:
    version "7.2.2"
    resolved "https://registry.yarnpkg.com/pouchdb/-/pouchdb-7.2.2.tgz"
    integrity sha512-5gf5nw5XH/2H/DJj8b0YkvG9fhA/4Jt6kL0Y8QjtztVjb1y4J19Rg4rG+fUbXu96gsUrlyIvZ3XfM0b4mogGmw==
    dependencies:
      abort-controller "3.0.0"
      argsarray "0.0.1"
      buffer-from "1.1.1"
      clone-buffer "1.0.0"
      double-ended-queue "2.1.0-0"
      fetch-cookie "0.10.1"
      immediate "3.3.0"
      inherits "2.0.4"
      level "6.0.1"
      level-codec "9.0.2"
      level-write-stream "1.0.0"
      leveldown "5.6.0"
      levelup "4.4.0"
      ltgt "2.2.1"
      node-fetch "2.6.0"
      readable-stream "1.1.14"
      spark-md5 "3.0.1"
      through2 "3.0.2"
      uuid "8.1.0"
      vuvuzela "1.0.3"
  
  private@^0.1.6, private@~0.1.5:
    version "0.1.8"
    resolved "https://registry.yarnpkg.com/private/-/private-0.1.8.tgz#2381edb3689f7a53d653190060fcf822d2f368ff"
    integrity sha512-VvivMrbvd2nKkiG38qjULzlc+4Vx4wm/whI9pQD35YrARNnhxeiRktSOhSukRLFNlzg6Br/cJPet5J/u19r/mg==
  
  process-nextick-args@~1.0.6:
    version "1.0.7"
    resolved "https://registry.yarnpkg.com/process-nextick-args/-/process-nextick-args-1.0.7.tgz#150e20b756590ad3f91093f25a4f2ad8bff30ba3"
    integrity sha1-FQ4gt1ZZCtP5EJPyWk8q2L/zC6M=
  
  process-nextick-args@~2.0.0:
    version "2.0.1"
    resolved "https://registry.npmjs.org/process-nextick-args/-/process-nextick-args-2.0.1.tgz"
    integrity sha512-3ouUOpQhtgrbOa17J7+uxOTpITYWaGP7/AhoR3+A+/1e9skrzelGi/dXzEYyvbxubEF6Wn2ypscTKiKJFFn1ag==
  
  process@~0.11.0:
    version "0.11.10"
    resolved "https://registry.npmjs.org/process/-/process-0.11.10.tgz"
    integrity sha1-czIwDoQBYb2j5podHZGn1LwW8YI=
  
  prr@~1.0.1:
    version "1.0.1"
    resolved "https://registry.yarnpkg.com/prr/-/prr-1.0.1.tgz"
    integrity sha1-0/wRS6BplaRexok/SEzrHXj19HY=
  
  psl@^1.1.33:
    version "1.8.0"
    resolved "https://registry.yarnpkg.com/psl/-/psl-1.8.0.tgz"
    integrity sha512-RIdOzyoavK+hA18OGGWDqUTsCLhtA7IcZ/6NCs4fFJaHBDab+pDDmDIByWFRQJq2Cd7r1OoQxBGKOaztq+hjIQ==
  
  public-encrypt@^4.0.0:
    version "4.0.3"
    resolved "https://registry.npmjs.org/public-encrypt/-/public-encrypt-4.0.3.tgz"
    integrity sha512-zVpa8oKZSz5bTMTFClc1fQOnyyEzpl5ozpi1B5YcvBrdohMjH2rfsBtyXcuNuwjsDIXmBYlF2N5FlJYhR29t8Q==
    dependencies:
      bn.js "^4.1.0"
      browserify-rsa "^4.0.0"
      create-hash "^1.1.0"
      parse-asn1 "^5.0.0"
      randombytes "^2.0.1"
      safe-buffer "^5.1.2"
  
  punycode@1.3.2:
    version "1.3.2"
    resolved "https://registry.npmjs.org/punycode/-/punycode-1.3.2.tgz"
    integrity sha1-llOgNvt8HuQjQvIyXM7v6jkmxI0=
  
  punycode@^1.3.2:
    version "1.4.1"
    resolved "https://registry.npmjs.org/punycode/-/punycode-1.4.1.tgz"
    integrity sha1-wNWmOycYgArY4esPpSachN1BhF4=
  
  punycode@^2.1.1:
    version "2.1.1"
    resolved "https://registry.yarnpkg.com/punycode/-/punycode-2.1.1.tgz"
    integrity sha512-XRsRjdf+j5ml+y/6GKHPZbrF/8p2Yga0JPtdqTIY2Xe5ohJPD9saDJJLPvp9+NSBprVvevdXZybnj2cv8OEd0A==
  
  q@^1.1.2:
    version "1.5.1"
    resolved "https://registry.yarnpkg.com/q/-/q-1.5.1.tgz#7e32f75b41381291d04611f1bf14109ac00651d7"
    integrity sha1-fjL3W0E4EpHQRhHxvxQQmsAGUdc=
  
  qs@~6.1.0:
    version "6.1.2"
    resolved "https://registry.yarnpkg.com/qs/-/qs-6.1.2.tgz#b59d8925d0c999ef6d63acf4ac5abb0adaa24b54"
    integrity sha1-tZ2JJdDJme9tY6z0rFq7CtqiS1Q=
  
  querystring-es3@~0.2.0:
    version "0.2.1"
    resolved "https://registry.npmjs.org/querystring-es3/-/querystring-es3-0.2.1.tgz"
    integrity sha1-nsYfeQSYdXB9aUFFlv2Qek1xHnM=
  
  querystring@0.2.0:
    version "0.2.0"
    resolved "https://registry.npmjs.org/querystring/-/querystring-0.2.0.tgz"
    integrity sha1-sgmEkgO7Jd+CDadW50cAWHhSFiA=
  
  randombytes@^2.0.0, randombytes@^2.0.1, randombytes@^2.0.5:
    version "2.1.0"
    resolved "https://registry.npmjs.org/randombytes/-/randombytes-2.1.0.tgz"
    integrity sha512-vYl3iOX+4CKUWuxGi9Ukhie6fsqXqS9FE2Zaic4tNFD2N2QQaXOMFbuKK4QmDHC0JO6B1Zp41J0LpT0oR68amQ==
    dependencies:
      safe-buffer "^5.1.0"
  
  randomfill@^1.0.3:
    version "1.0.4"
    resolved "https://registry.npmjs.org/randomfill/-/randomfill-1.0.4.tgz"
    integrity sha512-87lcbR8+MhcWcUiQ+9e+Rwx8MyR2P7qnt15ynUlbm3TU/fjbgz4GsvfSUDTemtCCtVCqb4ZcEFlyPNTh9bBTLw==
    dependencies:
      randombytes "^2.0.5"
      safe-buffer "^5.1.0"
  
  read-only-stream@^2.0.0:
    version "2.0.0"
    resolved "https://registry.npmjs.org/read-only-stream/-/read-only-stream-2.0.0.tgz"
    integrity sha1-JyT9aoET1zdkrCiNQ4YnDB2/F/A=
    dependencies:
      readable-stream "^2.0.2"
  
  readable-stream@1.1.14:
    version "1.1.14"
    resolved "https://registry.yarnpkg.com/readable-stream/-/readable-stream-1.1.14.tgz"
    integrity sha1-fPTFTvZI44EwhMY23SB54WbAgdk=
    dependencies:
      core-util-is "~1.0.0"
      inherits "~2.0.1"
      isarray "0.0.1"
      string_decoder "~0.10.x"
  
  "readable-stream@2 || 3", readable-stream@^3.4.0, readable-stream@^3.5.0, readable-stream@^3.6.0:
    version "3.6.0"
    resolved "https://registry.yarnpkg.com/readable-stream/-/readable-stream-3.6.0.tgz"
    integrity sha512-BViHy7LKeTz4oNnkcLJ+lVSL6vpiFeX6/d3oSH8zCW7UxP2onchk+vTGB143xuFjHS3deTgkKoXXymXqymiIdA==
    dependencies:
      inherits "^2.0.3"
      string_decoder "^1.1.1"
      util-deprecate "^1.0.1"
  
  "readable-stream@>=1.0.33-1 <1.1.0-0":
    version "1.0.34"
    resolved "https://registry.yarnpkg.com/readable-stream/-/readable-stream-1.0.34.tgz#125820e34bc842d2f2aaafafe4c2916ee32c157c"
    integrity sha1-Elgg40vIQtLyqq+v5MKRbuMsFXw=
    dependencies:
      core-util-is "~1.0.0"
      inherits "~2.0.1"
      isarray "0.0.1"
      string_decoder "~0.10.x"
  
  readable-stream@^2.0.2, readable-stream@^2.2.2, readable-stream@~2.3.6:
    version "2.3.7"
    resolved "https://registry.npmjs.org/readable-stream/-/readable-stream-2.3.7.tgz"
    integrity sha512-Ebho8K4jIbHAxnuxi7o42OrZgF/ZTNcsZj6nRKyUmkhLFq8CHItp/fy6hQZuZmP/n3yZ9VBUbp4zz/mX8hmYPw==
    dependencies:
      core-util-is "~1.0.0"
      inherits "~2.0.3"
      isarray "~1.0.0"
      process-nextick-args "~2.0.0"
      safe-buffer "~5.1.1"
      string_decoder "~1.1.1"
      util-deprecate "~1.0.1"
  
  readable-stream@~0.0.2:
    version "0.0.4"
    resolved "https://registry.yarnpkg.com/readable-stream/-/readable-stream-0.0.4.tgz"
    integrity sha1-8y124/uGM0SlSNeZIwBxc2ZbO40=
  
  readable-stream@~2.0.5:
    version "2.0.6"
    resolved "https://registry.yarnpkg.com/readable-stream/-/readable-stream-2.0.6.tgz#8f90341e68a53ccc928788dacfcd11b36eb9b78e"
    integrity sha1-j5A0HmilPMySh4jaz80Rs265t44=
    dependencies:
      core-util-is "~1.0.0"
      inherits "~2.0.1"
      isarray "~1.0.0"
      process-nextick-args "~1.0.6"
      string_decoder "~0.10.x"
      util-deprecate "~1.0.1"
  
  recast@^0.10.1:
    version "0.10.43"
    resolved "https://registry.yarnpkg.com/recast/-/recast-0.10.43.tgz#b95d50f6d60761a5f6252e15d80678168491ce7f"
    integrity sha1-uV1Q9tYHYaX2JS4V2AZ4FoSRzn8=
    dependencies:
      ast-types "0.8.15"
      esprima-fb "~15001.1001.0-dev-harmony-fb"
      private "~0.1.5"
      source-map "~0.5.0"
  
  recast@^0.11.17:
    version "0.11.23"
    resolved "https://registry.yarnpkg.com/recast/-/recast-0.11.23.tgz#451fd3004ab1e4df9b4e4b66376b2a21912462d3"
    integrity sha1-RR/TAEqx5N+bTktmN2sqIZEkYtM=
    dependencies:
      ast-types "0.9.6"
      esprima "~3.1.0"
      private "~0.1.5"
      source-map "~0.5.0"
  
  request@2.72.0:
    version "2.72.0"
    resolved "https://registry.yarnpkg.com/request/-/request-2.72.0.tgz#0ce3a179512620b10441f14c82e21c12c0ddb4e1"
    integrity sha1-DOOheVEmILEEQfFMguIcEsDdtOE=
    dependencies:
      aws-sign2 "~0.6.0"
      aws4 "^1.2.1"
      bl "~1.1.2"
      caseless "~0.11.0"
      combined-stream "~1.0.5"
      extend "~3.0.0"
      forever-agent "~0.6.1"
      form-data "~1.0.0-rc3"
      har-validator "~2.0.6"
      hawk "~3.1.3"
      http-signature "~1.1.0"
      is-typedarray "~1.0.0"
      isstream "~0.1.2"
      json-stringify-safe "~5.0.1"
      mime-types "~2.1.7"
      node-uuid "~1.4.7"
      oauth-sign "~0.8.1"
      qs "~6.1.0"
      stringstream "~0.0.4"
      tough-cookie "~2.2.0"
      tunnel-agent "~0.4.1"
  
  resolve@^1.1.4, resolve@^1.17.0, resolve@^1.4.0:
    version "1.19.0"
    resolved "https://registry.npmjs.org/resolve/-/resolve-1.19.0.tgz"
    integrity sha512-rArEXAgsBG4UgRGcynxWIWKFvh/XZCcS8UJdHhwy91zwAvCZIbcs+vAbflgBnNjYMs/i/i+/Ux6IZhML1yPvxg==
    dependencies:
      is-core-module "^2.1.0"
      path-parse "^1.0.6"
  
  ripemd160@^2.0.0, ripemd160@^2.0.1:
    version "2.0.2"
    resolved "https://registry.npmjs.org/ripemd160/-/ripemd160-2.0.2.tgz"
    integrity sha512-ii4iagi25WusVoiC4B4lq7pbXfAp3D9v5CwfkY33vffw2+pkDjY1D8GaN7spsxvCSx8dkPqOZCEZyfxcmJG2IA==
    dependencies:
      hash-base "^3.0.0"
      inherits "^2.0.1"
  
  safe-buffer@^5.0.1, safe-buffer@^5.1.0, safe-buffer@^5.1.1, safe-buffer@^5.1.2, safe-buffer@^5.2.0, safe-buffer@~5.2.0:
    version "5.2.1"
    resolved "https://registry.yarnpkg.com/safe-buffer/-/safe-buffer-5.2.1.tgz"
    integrity sha512-rp3So07KcdmmKbGvgaNxQSJr7bGVSVk5S9Eq1F+ppbRo70+YeaDxkw5Dd8NPN+GD6bjnYm2VuPuCXmpuYvmCXQ==
  
  safe-buffer@~5.1.0, safe-buffer@~5.1.1:
    version "5.1.2"
    resolved "https://registry.npmjs.org/safe-buffer/-/safe-buffer-5.1.2.tgz"
    integrity sha512-Gd2UZBJDkXlY7GbJxfsE8/nvKkUEU1G38c1siN6QP6a9PT9MmHB8GnpscSmMJSoF8LOIrt8ud/wPtojys4G6+g==
  
  "safer-buffer@>= 2.1.2 < 3", safer-buffer@^2.0.2, safer-buffer@^2.1.0, safer-buffer@~2.1.0:
    version "2.1.2"
    resolved "https://registry.npmjs.org/safer-buffer/-/safer-buffer-2.1.2.tgz"
    integrity sha512-YZo3K82SD7Riyi0E1EQPojLz7kpepnSQI9IyPbHHg1XXXevb5dJI7tpyN2ADxGcQbHG7vcyRHk0cbwqcQriUtg==
  
  sha.js@^2.4.0, sha.js@^2.4.8:
    version "2.4.11"
    resolved "https://registry.npmjs.org/sha.js/-/sha.js-2.4.11.tgz"
    integrity sha512-QMEp5B7cftE7APOjk5Y6xgrbWu+WkLVQwk8JNjZ8nKRciZaByEW6MubieAiToS7+dwvrjGhH8jRXz3MVd0AYqQ==
    dependencies:
      inherits "^2.0.1"
      safe-buffer "^5.0.1"
  
  shasum-object@^1.0.0:
    version "1.0.0"
    resolved "https://registry.npmjs.org/shasum-object/-/shasum-object-1.0.0.tgz"
    integrity sha512-Iqo5rp/3xVi6M4YheapzZhhGPVs0yZwHj7wvwQ1B9z8H6zk+FEnI7y3Teq7qwnekfEhu8WmG2z0z4iWZaxLWVg==
    dependencies:
      fast-safe-stringify "^2.0.7"
  
  shell-quote@^1.6.1:
    version "1.7.2"
    resolved "https://registry.npmjs.org/shell-quote/-/shell-quote-1.7.2.tgz"
    integrity sha512-mRz/m/JVscCrkMyPqHc/bczi3OQHkLTqXHEFu0zDhK/qfv3UcOA4SVmRCLmos4bhjr9ekVQubj/R7waKapmiQg==
  
  simple-concat@^1.0.0:
    version "1.0.1"
    resolved "https://registry.npmjs.org/simple-concat/-/simple-concat-1.0.1.tgz"
    integrity sha512-cSFtAPtRhljv69IK0hTVZQ+OfE9nePi/rtJmw5UjHeVyVroEqJXP1sFztKUy1qU+xvz3u/sfYJLa947b7nAN2Q==
  
  sntp@1.x.x:
    version "1.0.9"
    resolved "https://registry.yarnpkg.com/sntp/-/sntp-1.0.9.tgz#6541184cc90aeea6c6e7b35e2659082443c66198"
    integrity sha1-ZUEYTMkK7qbG57NeJlkIJEPGYZg=
    dependencies:
      hoek "2.x.x"
  
  source-map@^0.4.2:
    version "0.4.4"
    resolved "https://registry.yarnpkg.com/source-map/-/source-map-0.4.4.tgz#eba4f5da9c0dc999de68032d8b4f76173652036b"
    integrity sha1-66T12pwNyZneaAMti092FzZSA2s=
    dependencies:
      amdefine ">=0.0.4"
  
  source-map@~0.5.0, source-map@~0.5.3:
    version "0.5.7"
    resolved "https://registry.npmjs.org/source-map/-/source-map-0.5.7.tgz"
    integrity sha1-igOdLRAh0i0eoUyA2OpGi6LvP8w=
  
  spark-md5@2.0.2:
    version "2.0.2"
    resolved "https://registry.yarnpkg.com/spark-md5/-/spark-md5-2.0.2.tgz#37b763847763ae7e7acef2ca5233d01e649a78b7"
    integrity sha1-N7djhHdjrn56zvLKUjPQHmSaeLc=
  
  spark-md5@3.0.1:
    version "3.0.1"
    resolved "https://registry.yarnpkg.com/spark-md5/-/spark-md5-3.0.1.tgz"
    integrity sha512-0tF3AGSD1ppQeuffsLDIOWlKUd3lS92tFxcsrh5Pe3ZphhnoK+oXIBTzOAThZCiuINZLvpiLH/1VS1/ANEJVig==
  
  sshpk@^1.7.0:
    version "1.16.1"
    resolved "https://registry.yarnpkg.com/sshpk/-/sshpk-1.16.1.tgz#fb661c0bef29b39db40769ee39fa70093d6f6877"
    integrity sha512-HXXqVUq7+pcKeLqqZj6mHFUMvXtOJt1uoUx09pFW6011inTMxqI8BA8PM95myrIyyKwdnzjdFjLiE6KBPVtJIg==
    dependencies:
      asn1 "~0.2.3"
      assert-plus "^1.0.0"
      bcrypt-pbkdf "^1.0.0"
      dashdash "^1.12.0"
      ecc-jsbn "~0.1.1"
      getpass "^0.1.1"
      jsbn "~0.1.0"
      safer-buffer "^2.0.2"
      tweetnacl "~0.14.0"
  
  stream-browserify@^3.0.0:
    version "3.0.0"
    resolved "https://registry.npmjs.org/stream-browserify/-/stream-browserify-3.0.0.tgz"
    integrity sha512-H73RAHsVBapbim0tU2JwwOiXUj+fikfiaoYAKHF3VJfA0pe2BCzkhAHBlLG6REzE+2WNZcxOXjK7lkso+9euLA==
    dependencies:
      inherits "~2.0.4"
      readable-stream "^3.5.0"
  
  stream-combiner2@^1.1.1:
    version "1.1.1"
    resolved "https://registry.npmjs.org/stream-combiner2/-/stream-combiner2-1.1.1.tgz"
    integrity sha1-+02KFCDqNidk4hrUeAOXvry0HL4=
    dependencies:
      duplexer2 "~0.1.0"
      readable-stream "^2.0.2"
  
  stream-http@^3.0.0:
    version "3.1.1"
    resolved "https://registry.npmjs.org/stream-http/-/stream-http-3.1.1.tgz"
    integrity sha512-S7OqaYu0EkFpgeGFb/NPOoPLxFko7TPqtEeFg5DXPB4v/KETHG0Ln6fRFrNezoelpaDKmycEmmZ81cC9DAwgYg==
    dependencies:
      builtin-status-codes "^3.0.0"
      inherits "^2.0.4"
      readable-stream "^3.6.0"
      xtend "^4.0.2"
  
  stream-splicer@^2.0.0:
    version "2.0.1"
    resolved "https://registry.npmjs.org/stream-splicer/-/stream-splicer-2.0.1.tgz"
    integrity sha512-Xizh4/NPuYSyAXyT7g8IvdJ9HJpxIGL9PjyhtywCZvvP0OPIdqyrr4dMikeuvY8xahpdKEBlBTySe583totajg==
    dependencies:
      inherits "^2.0.1"
      readable-stream "^2.0.2"
  
  string.prototype.trimend@^1.0.1:
    version "1.0.3"
    resolved "https://registry.npmjs.org/string.prototype.trimend/-/string.prototype.trimend-1.0.3.tgz"
    integrity sha512-ayH0pB+uf0U28CtjlLvL7NaohvR1amUvVZk+y3DYb0Ey2PUV5zPkkKy9+U1ndVEIXO8hNg18eIv9Jntbii+dKw==
    dependencies:
      call-bind "^1.0.0"
      define-properties "^1.1.3"
  
  string.prototype.trimstart@^1.0.1:
    version "1.0.3"
    resolved "https://registry.npmjs.org/string.prototype.trimstart/-/string.prototype.trimstart-1.0.3.tgz"
    integrity sha512-oBIBUy5lea5tt0ovtOFiEQaBkoBBkyJhZXzJYrSmDo5IUUqbOPvVezuRs/agBIdZ2p2Eo1FD6bD9USyBLfl3xg==
    dependencies:
      call-bind "^1.0.0"
      define-properties "^1.1.3"
  
  string_decoder@^1.1.1:
    version "1.3.0"
    resolved "https://registry.yarnpkg.com/string_decoder/-/string_decoder-1.3.0.tgz"
    integrity sha512-hkRX8U1WjJFd8LsDJ2yQ/wWWxaopEsABU1XfkM8A+j0+85JAGppt16cr1Whg6KIbb4okU6Mql6BOj+uup/wKeA==
    dependencies:
      safe-buffer "~5.2.0"
  
  string_decoder@~0.10.x:
    version "0.10.31"
    resolved "https://registry.yarnpkg.com/string_decoder/-/string_decoder-0.10.31.tgz"
    integrity sha1-YuIDvEF2bGwoyfyEMB2rHFMQ+pQ=
  
  string_decoder@~1.1.1:
    version "1.1.1"
    resolved "https://registry.npmjs.org/string_decoder/-/string_decoder-1.1.1.tgz"
    integrity sha512-n/ShnvDi6FHbbVfviro+WojiFzv+s8MPMHBczVePfUpDJLwoLT0ht1l4YwBCbi8pJAveEEdnkHyPyTP/mzRfwg==
    dependencies:
      safe-buffer "~5.1.0"
  
  stringstream@~0.0.4:
    version "0.0.6"
    resolved "https://registry.yarnpkg.com/stringstream/-/stringstream-0.0.6.tgz#7880225b0d4ad10e30927d167a1d6f2fd3b33a72"
    integrity sha512-87GEBAkegbBcweToUrdzf3eLhWNg06FJTebl4BVJz/JgWy8CvEr9dRtX5qWphiynMSQlxxi+QqN0z5T32SLlhA==
  
  strip-ansi@^3.0.0:
    version "3.0.1"
    resolved "https://registry.yarnpkg.com/strip-ansi/-/strip-ansi-3.0.1.tgz#6a385fb8853d952d5ff05d0e8aaf94278dc63dcf"
    integrity sha1-ajhfuIU9lS1f8F0Oiq+UJ43GPc8=
    dependencies:
      ansi-regex "^2.0.0"
  
  subarg@^1.0.0:
    version "1.0.0"
    resolved "https://registry.npmjs.org/subarg/-/subarg-1.0.0.tgz"
    integrity sha1-9izxdYHplrSPyWVpn1TAauJouNI=
    dependencies:
      minimist "^1.1.0"
  
  supports-color@^2.0.0:
    version "2.0.0"
    resolved "https://registry.yarnpkg.com/supports-color/-/supports-color-2.0.0.tgz#535d045ce6b6363fa40117084629995e9df324c7"
    integrity sha1-U10EXOa2Nj+kARcIRimZXp3zJMc=
  
  syntax-error@^1.1.1:
    version "1.4.0"
    resolved "https://registry.npmjs.org/syntax-error/-/syntax-error-1.4.0.tgz"
    integrity sha512-YPPlu67mdnHGTup2A8ff7BC2Pjq0e0Yp/IyTFN03zWO0RcK07uLcbi7C2KpGR2FvWbaB0+bfE27a+sBKebSo7w==
    dependencies:
      acorn-node "^1.2.0"
  
  through2@3.0.2:
    version "3.0.2"
    resolved "https://registry.yarnpkg.com/through2/-/through2-3.0.2.tgz"
    integrity sha512-enaDQ4MUyP2W6ZyT6EsMzqBPZaM/avg8iuo+l2d3QCs0J+6RaqkHV/2/lOwDTueBHeJ/2LG9lrLW3d5rWPucuQ==
    dependencies:
      inherits "^2.0.4"
      readable-stream "2 || 3"
  
  through2@^0.6.2, through2@^0.6.5:
    version "0.6.5"
    resolved "https://registry.yarnpkg.com/through2/-/through2-0.6.5.tgz#41ab9c67b29d57209071410e1d7a7a968cd3ad48"
    integrity sha1-QaucZ7KdVyCQcUEOHXp6lozTrUg=
    dependencies:
      readable-stream ">=1.0.33-1 <1.1.0-0"
      xtend ">=4.0.0 <4.1.0-0"
  
  through2@^2.0.0:
    version "2.0.5"
    resolved "https://registry.npmjs.org/through2/-/through2-2.0.5.tgz"
    integrity sha512-/mrRod8xqpA+IHSLyGCQ2s8SPHiCDEeQJSep1jqLYeEUClOFG2Qsh+4FU6G9VeqpZnGW/Su8LQGc4YKni5rYSQ==
    dependencies:
      readable-stream "~2.3.6"
      xtend "~4.0.1"
  
  "through@>=2.2.7 <3", through@~2.3.4:
    version "2.3.8"
    resolved "https://registry.npmjs.org/through/-/through-2.3.8.tgz"
    integrity sha1-DdTJ/6q8NXlgsbckEV1+Doai4fU=
  
  timers-browserify@^1.0.1:
    version "1.4.2"
    resolved "https://registry.npmjs.org/timers-browserify/-/timers-browserify-1.4.2.tgz"
    integrity sha1-ycWLV1voQHN1y14kYtrO50NZ9B0=
    dependencies:
      process "~0.11.0"
  
  "tough-cookie@^2.3.3 || ^3.0.1 || ^4.0.0":
    version "4.0.0"
    resolved "https://registry.yarnpkg.com/tough-cookie/-/tough-cookie-4.0.0.tgz"
    integrity sha512-tHdtEpQCMrc1YLrMaqXXcj6AxhYi/xgit6mZu1+EDWUn+qhUf8wMQoFIy9NXuq23zAwtcB0t/MjACGR18pcRbg==
    dependencies:
      psl "^1.1.33"
      punycode "^2.1.1"
      universalify "^0.1.2"
  
  tough-cookie@~2.2.0:
    version "2.2.2"
    resolved "https://registry.yarnpkg.com/tough-cookie/-/tough-cookie-2.2.2.tgz#c83a1830f4e5ef0b93ef2a3488e724f8de016ac7"
    integrity sha1-yDoYMPTl7wuT7yo0iOck+N4Basc=
  
  tty-browserify@0.0.1:
    version "0.0.1"
    resolved "https://registry.npmjs.org/tty-browserify/-/tty-browserify-0.0.1.tgz"
    integrity sha512-C3TaO7K81YvjCgQH9Q1S3R3P3BtN3RIM8n+OvX4il1K1zgE8ZhI0op7kClgkxtutIE8hQrcrHBXvIheqKUUCxw==
  
  tunnel-agent@~0.4.1:
    version "0.4.3"
    resolved "https://registry.yarnpkg.com/tunnel-agent/-/tunnel-agent-0.4.3.tgz#6373db76909fe570e08d73583365ed828a74eeeb"
    integrity sha1-Y3PbdpCf5XDgjXNYM2Xtgop07us=
  
  tweetnacl@^0.14.3, tweetnacl@~0.14.0:
    version "0.14.5"
    resolved "https://registry.yarnpkg.com/tweetnacl/-/tweetnacl-0.14.5.tgz#5ae68177f192d4456269d108afa93ff8743f4f64"
    integrity sha1-WuaBd/GS1EViadEIr6k/+HQ/T2Q=
  
  typedarray@^0.0.6:
    version "0.0.6"
    resolved "https://registry.npmjs.org/typedarray/-/typedarray-0.0.6.tgz"
    integrity sha1-hnrHTjhkGHsdPUfZlqeOxciDB3c=
  
  typescript@^4.0.3:
    version "4.1.2"
    resolved "https://registry.yarnpkg.com/typescript/-/typescript-4.1.2.tgz"
    integrity sha512-thGloWsGH3SOxv1SoY7QojKi0tc+8FnOmiarEGMbd/lar7QOEd3hvlx3Fp5y6FlDUGl9L+pd4n2e+oToGMmhRQ==
  
  umd@^3.0.0:
    version "3.0.3"
    resolved "https://registry.npmjs.org/umd/-/umd-3.0.3.tgz"
    integrity sha512-4IcGSufhFshvLNcMCV80UnQVlZ5pMOC8mvNPForqwA4+lzYQuetTESLDQkeLmihq8bRcnpbQa48Wb8Lh16/xow==
  
  undeclared-identifiers@^1.1.2:
    version "1.1.3"
    resolved "https://registry.npmjs.org/undeclared-identifiers/-/undeclared-identifiers-1.1.3.tgz"
    integrity sha512-pJOW4nxjlmfwKApE4zvxLScM/njmwj/DiUBv7EabwE4O8kRUy+HIwxQtZLBPll/jx1LJyBcqNfB3/cpv9EZwOw==
    dependencies:
      acorn-node "^1.3.0"
      dash-ast "^1.0.0"
      get-assigned-identifiers "^1.2.0"
      simple-concat "^1.0.0"
      xtend "^4.0.1"
  
  universalify@^0.1.2:
    version "0.1.2"
    resolved "https://registry.yarnpkg.com/universalify/-/universalify-0.1.2.tgz"
    integrity sha512-rBJeI5CXAlmy1pV+617WB9J63U6XcazHHF2f2dbJix4XzpUF0RS3Zbj0FGIOCAva5P/d/GBOYaACQ1w+0azUkg==
  
  unreachable-branch-transform@^0.3.0:
    version "0.3.0"
    resolved "https://registry.yarnpkg.com/unreachable-branch-transform/-/unreachable-branch-transform-0.3.0.tgz#d99cc4c6e746d264928845b611db54b0f3474caa"
    integrity sha1-2ZzExudG0mSSiEW2EdtUsPNHTKo=
    dependencies:
      esmangle-evaluator "^1.0.0"
      recast "^0.10.1"
      through2 "^0.6.2"
  
  url@~0.11.0:
    version "0.11.0"
    resolved "https://registry.npmjs.org/url/-/url-0.11.0.tgz"
    integrity sha1-ODjpfPxgUh63PFJajlW/3Z4uKPE=
    dependencies:
      punycode "1.3.2"
      querystring "0.2.0"
  
  util-deprecate@^1.0.1, util-deprecate@~1.0.1:
    version "1.0.2"
    resolved "https://registry.yarnpkg.com/util-deprecate/-/util-deprecate-1.0.2.tgz"
    integrity sha1-RQ1Nyfpw3nMnYvvS1KKJgUGaDM8=
  
  util@0.10.3:
    version "0.10.3"
    resolved "https://registry.npmjs.org/util/-/util-0.10.3.tgz"
    integrity sha1-evsa/lCAUkZInj23/g7TeTNqwPk=
    dependencies:
      inherits "2.0.1"
  
  util@~0.12.0:
    version "0.12.3"
    resolved "https://registry.npmjs.org/util/-/util-0.12.3.tgz"
    integrity sha512-I8XkoQwE+fPQEhy9v012V+TSdH2kp9ts29i20TaaDUXsg7x/onePbhFJUExBfv/2ay1ZOp/Vsm3nDlmnFGSAog==
    dependencies:
      inherits "^2.0.3"
      is-arguments "^1.0.4"
      is-generator-function "^1.0.7"
      is-typed-array "^1.1.3"
      safe-buffer "^5.1.2"
      which-typed-array "^1.1.2"
  
  uuid@8.1.0:
    version "8.1.0"
    resolved "https://registry.yarnpkg.com/uuid/-/uuid-8.1.0.tgz"
    integrity sha512-CI18flHDznR0lq54xBycOVmphdCYnQLKn8abKn7PXUiKUGdEd+/l9LWNJmugXel4hXq7S+RMNl34ecyC9TntWg==
  
  verror@1.10.0:
    version "1.10.0"
    resolved "https://registry.yarnpkg.com/verror/-/verror-1.10.0.tgz#3a105ca17053af55d6e270c1f8288682e18da400"
    integrity sha1-OhBcoXBTr1XW4nDB+CiGguGNpAA=
    dependencies:
      assert-plus "^1.0.0"
      core-util-is "1.0.2"
      extsprintf "^1.2.0"
  
  vm-browserify@^1.0.0:
    version "1.1.2"
    resolved "https://registry.npmjs.org/vm-browserify/-/vm-browserify-1.1.2.tgz"
    integrity sha512-2ham8XPWTONajOR0ohOKOHXkm3+gaBmGut3SRuu75xLd/RRaY6vqgh8NBYYk7+RW3u5AtzPQZG8F10LHkl0lAQ==
  
  vuvuzela@1.0.3:
    version "1.0.3"
    resolved "https://registry.yarnpkg.com/vuvuzela/-/vuvuzela-1.0.3.tgz"
    integrity sha1-O+FF5YJxxzylUnndhR8SpoIRSws=
  
  which-typed-array@^1.1.2:
    version "1.1.4"
    resolved "https://registry.npmjs.org/which-typed-array/-/which-typed-array-1.1.4.tgz"
    integrity sha512-49E0SpUe90cjpoc7BOJwyPHRqSAd12c10Qm2amdEZrJPCY2NDxaW01zHITrem+rnETY3dwrbH3UUrUwagfCYDA==
    dependencies:
      available-typed-arrays "^1.0.2"
      call-bind "^1.0.0"
      es-abstract "^1.18.0-next.1"
      foreach "^2.0.5"
      function-bind "^1.1.1"
      has-symbols "^1.0.1"
      is-typed-array "^1.1.3"
  
  wrappy@1:
    version "1.0.2"
    resolved "https://registry.npmjs.org/wrappy/-/wrappy-1.0.2.tgz"
    integrity sha1-tSQ9jz7BqjXxNkYFvA0QNuMKtp8=
  
  write-stream@~0.4.3:
    version "0.4.3"
    resolved "https://registry.yarnpkg.com/write-stream/-/write-stream-0.4.3.tgz"
    integrity sha1-g8yMA0fQr2BXqThitOOuAd5cgcE=
    dependencies:
      readable-stream "~0.0.2"
  
  "xtend@>=4.0.0 <4.1.0-0", xtend@^4.0.0, xtend@^4.0.1, xtend@^4.0.2, xtend@~4.0.0, xtend@~4.0.1:
    version "4.0.2"
    resolved "https://registry.yarnpkg.com/xtend/-/xtend-4.0.2.tgz"
    integrity sha512-LKYU1iAXJXUgAXn9URjiu+MWhyUXHsvfp7mcuYm9dSUKK0/CjtrUwFAxD82/mCWbtLsGjFIad0wIsod4zrTAEQ==
